[0.443s] Invoking command in '/home/louis/ros2_ws/src/python_parameters': PS1=(env) \[\e]0;\u@\h: \w\a\]${debian_chroot:+($debian_chroot)}\[\033[01;32m\]\u@\h\[\033[00m\]:\[\033[01;34m\]\w\[\033[00m\]\$ PYTHONPATH=/home/louis/ros2_ws/build/python_parameters/prefix_override:/usr/lib/python3/dist-packages/colcon_core/task/python/colcon_distutils_commands:/home/louis/ros2_ws/install/python_parameters/lib/python3.10/site-packages:${PYTHONPATH} VIRTUAL_ENV_PROMPT=(env) /usr/bin/python3 -W ignore:setup.py install is deprecated setup.py egg_info --egg-base ../../build/python_parameters build --build-base /home/louis/ros2_ws/build/python_parameters/build install --record /home/louis/ros2_ws/build/python_parameters/install.log --single-version-externally-managed install_data
[0.610s] running egg_info
[0.610s] writing ../../build/python_parameters/python_parameters.egg-info/PKG-INFO
[0.610s] writing dependency_links to ../../build/python_parameters/python_parameters.egg-info/dependency_links.txt
[0.611s] writing entry points to ../../build/python_parameters/python_parameters.egg-info/entry_points.txt
[0.611s] writing requirements to ../../build/python_parameters/python_parameters.egg-info/requires.txt
[0.611s] writing top-level names to ../../build/python_parameters/python_parameters.egg-info/top_level.txt
[0.612s] reading manifest file '../../build/python_parameters/python_parameters.egg-info/SOURCES.txt'
[0.612s] adding license file 'LICENSE'
[0.612s] writing manifest file '../../build/python_parameters/python_parameters.egg-info/SOURCES.txt'
[0.612s] running build
[0.612s] running build_py
[0.613s] running install
[0.613s] running install_lib
[0.613s] running install_data
[0.613s] running install_egg_info
[0.614s] removing '/home/louis/ros2_ws/install/python_parameters/lib/python3.10/site-packages/python_parameters-0.0.0-py3.10.egg-info' (and everything under it)
[0.615s] Copying ../../build/python_parameters/python_parameters.egg-info to /home/louis/ros2_ws/install/python_parameters/lib/python3.10/site-packages/python_parameters-0.0.0-py3.10.egg-info
[0.615s] running install_scripts
[0.627s] Installing minimal_param_node script to /home/louis/ros2_ws/install/python_parameters/lib/python_parameters
[0.627s] writing list of installed files to '/home/louis/ros2_ws/build/python_parameters/install.log'
[0.640s] Invoked command in '/home/louis/ros2_ws/src/python_parameters' returned '0': PS1=(env) \[\e]0;\u@\h: \w\a\]${debian_chroot:+($debian_chroot)}\[\033[01;32m\]\u@\h\[\033[00m\]:\[\033[01;34m\]\w\[\033[00m\]\$ PYTHONPATH=/home/louis/ros2_ws/build/python_parameters/prefix_override:/usr/lib/python3/dist-packages/colcon_core/task/python/colcon_distutils_commands:/home/louis/ros2_ws/install/python_parameters/lib/python3.10/site-packages:${PYTHONPATH} VIRTUAL_ENV_PROMPT=(env) /usr/bin/python3 -W ignore:setup.py install is deprecated setup.py egg_info --egg-base ../../build/python_parameters build --build-base /home/louis/ros2_ws/build/python_parameters/build install --record /home/louis/ros2_ws/build/python_parameters/install.log --single-version-externally-managed install_data
