[0.385s] Invoking command in '/home/louis/ros2_ws/src/py_srvcli': CONDA_PROMPT_MODIFIER=(base) PYTHONPATH=/home/louis/ros2_ws/build/py_srvcli/prefix_override:/usr/lib/python3/dist-packages/colcon_core/task/python/colcon_distutils_commands:/home/louis/ros2_ws/install/py_srvcli/lib/python3.10/site-packages:${PYTHONPATH} /usr/bin/python3 -W ignore:setup.py install is deprecated setup.py egg_info --egg-base ../../build/py_srvcli build --build-base /home/louis/ros2_ws/build/py_srvcli/build install --record /home/louis/ros2_ws/build/py_srvcli/install.log --single-version-externally-managed install_data
[0.539s] running egg_info
[0.540s] creating ../../build/py_srvcli/py_srvcli.egg-info
[0.540s] writing ../../build/py_srvcli/py_srvcli.egg-info/PKG-INFO
[0.540s] writing dependency_links to ../../build/py_srvcli/py_srvcli.egg-info/dependency_links.txt
[0.540s] writing entry points to ../../build/py_srvcli/py_srvcli.egg-info/entry_points.txt
[0.540s] writing requirements to ../../build/py_srvcli/py_srvcli.egg-info/requires.txt
[0.540s] writing top-level names to ../../build/py_srvcli/py_srvcli.egg-info/top_level.txt
[0.540s] writing manifest file '../../build/py_srvcli/py_srvcli.egg-info/SOURCES.txt'
[0.541s] reading manifest file '../../build/py_srvcli/py_srvcli.egg-info/SOURCES.txt'
[0.541s] adding license file 'LICENSE'
[0.542s] writing manifest file '../../build/py_srvcli/py_srvcli.egg-info/SOURCES.txt'
[0.542s] running build
[0.542s] running build_py
[0.542s] creating /home/louis/ros2_ws/build/py_srvcli/build
[0.542s] creating /home/louis/ros2_ws/build/py_srvcli/build/lib
[0.542s] creating /home/louis/ros2_ws/build/py_srvcli/build/lib/py_srvcli
[0.542s] copying py_srvcli/__init__.py -> /home/louis/ros2_ws/build/py_srvcli/build/lib/py_srvcli
[0.542s] copying py_srvcli/service_member_function.py -> /home/louis/ros2_ws/build/py_srvcli/build/lib/py_srvcli
[0.542s] copying py_srvcli/client_member_function.py -> /home/louis/ros2_ws/build/py_srvcli/build/lib/py_srvcli
[0.542s] running install
[0.542s] running install_lib
[0.543s] creating /home/louis/ros2_ws/install/py_srvcli/lib/python3.10/site-packages/py_srvcli
[0.543s] copying /home/louis/ros2_ws/build/py_srvcli/build/lib/py_srvcli/__init__.py -> /home/louis/ros2_ws/install/py_srvcli/lib/python3.10/site-packages/py_srvcli
[0.543s] copying /home/louis/ros2_ws/build/py_srvcli/build/lib/py_srvcli/service_member_function.py -> /home/louis/ros2_ws/install/py_srvcli/lib/python3.10/site-packages/py_srvcli
[0.543s] copying /home/louis/ros2_ws/build/py_srvcli/build/lib/py_srvcli/client_member_function.py -> /home/louis/ros2_ws/install/py_srvcli/lib/python3.10/site-packages/py_srvcli
[0.543s] byte-compiling /home/louis/ros2_ws/install/py_srvcli/lib/python3.10/site-packages/py_srvcli/__init__.py to __init__.cpython-310.pyc
[0.543s] byte-compiling /home/louis/ros2_ws/install/py_srvcli/lib/python3.10/site-packages/py_srvcli/service_member_function.py to service_member_function.cpython-310.pyc
[0.544s] byte-compiling /home/louis/ros2_ws/install/py_srvcli/lib/python3.10/site-packages/py_srvcli/client_member_function.py to client_member_function.cpython-310.pyc
[0.544s] running install_data
[0.544s] creating /home/louis/ros2_ws/install/py_srvcli/share/ament_index
[0.544s] creating /home/louis/ros2_ws/install/py_srvcli/share/ament_index/resource_index
[0.544s] creating /home/louis/ros2_ws/install/py_srvcli/share/ament_index/resource_index/packages
[0.544s] copying resource/py_srvcli -> /home/louis/ros2_ws/install/py_srvcli/share/ament_index/resource_index/packages
[0.544s] copying package.xml -> /home/louis/ros2_ws/install/py_srvcli/share/py_srvcli
[0.544s] running install_egg_info
[0.545s] Copying ../../build/py_srvcli/py_srvcli.egg-info to /home/louis/ros2_ws/install/py_srvcli/lib/python3.10/site-packages/py_srvcli-0.0.0-py3.10.egg-info
[0.546s] running install_scripts
[0.558s] Installing client script to /home/louis/ros2_ws/install/py_srvcli/lib/py_srvcli
[0.559s] Installing service script to /home/louis/ros2_ws/install/py_srvcli/lib/py_srvcli
[0.559s] writing list of installed files to '/home/louis/ros2_ws/build/py_srvcli/install.log'
[0.570s] Invoked command in '/home/louis/ros2_ws/src/py_srvcli' returned '0': CONDA_PROMPT_MODIFIER=(base) PYTHONPATH=/home/louis/ros2_ws/build/py_srvcli/prefix_override:/usr/lib/python3/dist-packages/colcon_core/task/python/colcon_distutils_commands:/home/louis/ros2_ws/install/py_srvcli/lib/python3.10/site-packages:${PYTHONPATH} /usr/bin/python3 -W ignore:setup.py install is deprecated setup.py egg_info --egg-base ../../build/py_srvcli build --build-base /home/louis/ros2_ws/build/py_srvcli/build install --record /home/louis/ros2_ws/build/py_srvcli/install.log --single-version-externally-managed install_data
