[0.761s] Invoking command in '/home/louis/ros2_ws/src/py_srvcli': CONDA_PROMPT_MODIFIER=(base) PYTHONPATH=/home/louis/ros2_ws/build/py_srvcli/prefix_override:/usr/lib/python3/dist-packages/colcon_core/task/python/colcon_distutils_commands:/home/louis/ros2_ws/install/py_srvcli/lib/python3.10/site-packages:${PYTHONPATH} /usr/bin/python3 -W ignore:setup.py install is deprecated setup.py egg_info --egg-base ../../build/py_srvcli build --build-base /home/louis/ros2_ws/build/py_srvcli/build install --record /home/louis/ros2_ws/build/py_srvcli/install.log --single-version-externally-managed install_data
[0.929s] running egg_info
[0.930s] writing ../../build/py_srvcli/py_srvcli.egg-info/PKG-INFO
[0.930s] writing dependency_links to ../../build/py_srvcli/py_srvcli.egg-info/dependency_links.txt
[0.930s] writing entry points to ../../build/py_srvcli/py_srvcli.egg-info/entry_points.txt
[0.930s] writing requirements to ../../build/py_srvcli/py_srvcli.egg-info/requires.txt
[0.931s] writing top-level names to ../../build/py_srvcli/py_srvcli.egg-info/top_level.txt
[0.932s] reading manifest file '../../build/py_srvcli/py_srvcli.egg-info/SOURCES.txt'
[0.932s] adding license file 'LICENSE'
[0.932s] writing manifest file '../../build/py_srvcli/py_srvcli.egg-info/SOURCES.txt'
[0.933s] running build
[0.933s] running build_py
[0.933s] running install
[0.933s] running install_lib
[0.934s] running install_data
[0.934s] running install_egg_info
[0.935s] removing '/home/louis/ros2_ws/install/py_srvcli/lib/python3.10/site-packages/py_srvcli-0.0.0-py3.10.egg-info' (and everything under it)
[0.936s] Copying ../../build/py_srvcli/py_srvcli.egg-info to /home/louis/ros2_ws/install/py_srvcli/lib/python3.10/site-packages/py_srvcli-0.0.0-py3.10.egg-info
[0.936s] running install_scripts
[0.950s] Installing client script to /home/louis/ros2_ws/install/py_srvcli/lib/py_srvcli
[0.951s] Installing service script to /home/louis/ros2_ws/install/py_srvcli/lib/py_srvcli
[0.951s] writing list of installed files to '/home/louis/ros2_ws/build/py_srvcli/install.log'
[0.971s] Invoked command in '/home/louis/ros2_ws/src/py_srvcli' returned '0': CONDA_PROMPT_MODIFIER=(base) PYTHONPATH=/home/louis/ros2_ws/build/py_srvcli/prefix_override:/usr/lib/python3/dist-packages/colcon_core/task/python/colcon_distutils_commands:/home/louis/ros2_ws/install/py_srvcli/lib/python3.10/site-packages:${PYTHONPATH} /usr/bin/python3 -W ignore:setup.py install is deprecated setup.py egg_info --egg-base ../../build/py_srvcli build --build-base /home/louis/ros2_ws/build/py_srvcli/build install --record /home/louis/ros2_ws/build/py_srvcli/install.log --single-version-externally-managed install_data
