running egg_info
writing ../../build/python_parameters/python_parameters.egg-info/PKG-INFO
writing dependency_links to ../../build/python_parameters/python_parameters.egg-info/dependency_links.txt
writing entry points to ../../build/python_parameters/python_parameters.egg-info/entry_points.txt
writing requirements to ../../build/python_parameters/python_parameters.egg-info/requires.txt
writing top-level names to ../../build/python_parameters/python_parameters.egg-info/top_level.txt
reading manifest file '../../build/python_parameters/python_parameters.egg-info/SOURCES.txt'
adding license file 'LICENSE'
writing manifest file '../../build/python_parameters/python_parameters.egg-info/SOURCES.txt'
running build
running build_py
copying python_parameters/__init__.py -> /home/louis/ros2_ws/build/python_parameters/build/lib/python_parameters
running install
running install_lib
running install_data
copying resource/python_parameters -> /home/louis/ros2_ws/install/python_parameters/share/ament_index/resource_index/packages
copying package.xml -> /home/louis/ros2_ws/install/python_parameters/share/python_parameters
running install_egg_info
removing '/home/louis/ros2_ws/install/python_parameters/lib/python3.10/site-packages/python_parameters-0.0.0-py3.10.egg-info' (and everything under it)
Copying ../../build/python_parameters/python_parameters.egg-info to /home/louis/ros2_ws/install/python_parameters/lib/python3.10/site-packages/python_parameters-0.0.0-py3.10.egg-info
running install_scripts
Installing minimal_param_node script to /home/louis/ros2_ws/install/python_parameters/lib/python_parameters
writing list of installed files to '/home/louis/ros2_ws/build/python_parameters/install.log'
