[0.379s] Invoking command in '/home/louis/ros2_ws/src/py_pubsub': AMENT_PREFIX_PATH=/home/louis/ros2_ws/install/tutorial_interfaces:${AMENT_PREFIX_PATH} CMAKE_PREFIX_PATH=/home/louis/ros2_ws/install/tutorial_interfaces CONDA_PROMPT_MODIFIER=(base) LD_LIBRARY_PATH=/home/louis/ros2_ws/install/tutorial_interfaces/lib:${LD_LIBRARY_PATH} PYTHONPATH=/home/louis/ros2_ws/build/py_pubsub/prefix_override:/usr/lib/python3/dist-packages/colcon_core/task/python/colcon_distutils_commands:/home/louis/ros2_ws/install/py_pubsub/lib/python3.10/site-packages:/home/louis/ros2_ws/install/tutorial_interfaces/lib/python3.12/site-packages:${PYTHONPATH} /usr/bin/python3 -W ignore:setup.py install is deprecated setup.py egg_info --egg-base ../../build/py_pubsub build --build-base /home/louis/ros2_ws/build/py_pubsub/build install --record /home/louis/ros2_ws/build/py_pubsub/install.log --single-version-externally-managed install_data
[0.529s] running egg_info
[0.529s] writing ../../build/py_pubsub/py_pubsub.egg-info/PKG-INFO
[0.530s] writing dependency_links to ../../build/py_pubsub/py_pubsub.egg-info/dependency_links.txt
[0.530s] writing entry points to ../../build/py_pubsub/py_pubsub.egg-info/entry_points.txt
[0.530s] writing requirements to ../../build/py_pubsub/py_pubsub.egg-info/requires.txt
[0.530s] writing top-level names to ../../build/py_pubsub/py_pubsub.egg-info/top_level.txt
[0.531s] reading manifest file '../../build/py_pubsub/py_pubsub.egg-info/SOURCES.txt'
[0.531s] adding license file 'LICENSE'
[0.532s] writing manifest file '../../build/py_pubsub/py_pubsub.egg-info/SOURCES.txt'
[0.532s] running build
[0.532s] running build_py
[0.532s] copying py_pubsub/publisher_member_function.py -> /home/louis/ros2_ws/build/py_pubsub/build/lib/py_pubsub
[0.532s] running install
[0.532s] running install_lib
[0.533s] copying /home/louis/ros2_ws/build/py_pubsub/build/lib/py_pubsub/publisher_member_function.py -> /home/louis/ros2_ws/install/py_pubsub/lib/python3.10/site-packages/py_pubsub
[0.533s] byte-compiling /home/louis/ros2_ws/install/py_pubsub/lib/python3.10/site-packages/py_pubsub/publisher_member_function.py to publisher_member_function.cpython-310.pyc
[0.534s] running install_data
[0.534s] running install_egg_info
[0.535s] removing '/home/louis/ros2_ws/install/py_pubsub/lib/python3.10/site-packages/py_pubsub-0.0.0-py3.10.egg-info' (and everything under it)
[0.535s] Copying ../../build/py_pubsub/py_pubsub.egg-info to /home/louis/ros2_ws/install/py_pubsub/lib/python3.10/site-packages/py_pubsub-0.0.0-py3.10.egg-info
[0.538s] running install_scripts
[0.551s] Installing listener script to /home/louis/ros2_ws/install/py_pubsub/lib/py_pubsub
[0.552s] Installing talker script to /home/louis/ros2_ws/install/py_pubsub/lib/py_pubsub
[0.552s] writing list of installed files to '/home/louis/ros2_ws/build/py_pubsub/install.log'
[0.564s] Invoked command in '/home/louis/ros2_ws/src/py_pubsub' returned '0': AMENT_PREFIX_PATH=/home/louis/ros2_ws/install/tutorial_interfaces:${AMENT_PREFIX_PATH} CMAKE_PREFIX_PATH=/home/louis/ros2_ws/install/tutorial_interfaces CONDA_PROMPT_MODIFIER=(base) LD_LIBRARY_PATH=/home/louis/ros2_ws/install/tutorial_interfaces/lib:${LD_LIBRARY_PATH} PYTHONPATH=/home/louis/ros2_ws/build/py_pubsub/prefix_override:/usr/lib/python3/dist-packages/colcon_core/task/python/colcon_distutils_commands:/home/louis/ros2_ws/install/py_pubsub/lib/python3.10/site-packages:/home/louis/ros2_ws/install/tutorial_interfaces/lib/python3.12/site-packages:${PYTHONPATH} /usr/bin/python3 -W ignore:setup.py install is deprecated setup.py egg_info --egg-base ../../build/py_pubsub build --build-base /home/louis/ros2_ws/build/py_pubsub/build install --record /home/louis/ros2_ws/build/py_pubsub/install.log --single-version-externally-managed install_data
