[0.380s] Invoking command in '/home/louis/ros2_ws/src/my_package': CONDA_PROMPT_MODIFIER=(base) PYTHONPATH=/home/louis/ros2_ws/build/my_package/prefix_override:/usr/lib/python3/dist-packages/colcon_core/task/python/colcon_distutils_commands:/home/louis/ros2_ws/install/my_package/lib/python3.10/site-packages:${PYTHONPATH} /usr/bin/python3 -W ignore:setup.py install is deprecated setup.py egg_info --egg-base ../../build/my_package build --build-base /home/louis/ros2_ws/build/my_package/build install --record /home/louis/ros2_ws/build/my_package/install.log --single-version-externally-managed install_data
[0.533s] running egg_info
[0.533s] creating ../../build/my_package/my_package.egg-info
[0.533s] writing ../../build/my_package/my_package.egg-info/PKG-INFO
[0.533s] writing dependency_links to ../../build/my_package/my_package.egg-info/dependency_links.txt
[0.533s] writing entry points to ../../build/my_package/my_package.egg-info/entry_points.txt
[0.533s] writing requirements to ../../build/my_package/my_package.egg-info/requires.txt
[0.533s] writing top-level names to ../../build/my_package/my_package.egg-info/top_level.txt
[0.533s] writing manifest file '../../build/my_package/my_package.egg-info/SOURCES.txt'
[0.534s] reading manifest file '../../build/my_package/my_package.egg-info/SOURCES.txt'
[0.534s] adding license file 'LICENSE'
[0.535s] writing manifest file '../../build/my_package/my_package.egg-info/SOURCES.txt'
[0.535s] running build
[0.535s] running build_py
[0.535s] creating /home/louis/ros2_ws/build/my_package/build
[0.535s] creating /home/louis/ros2_ws/build/my_package/build/lib
[0.535s] creating /home/louis/ros2_ws/build/my_package/build/lib/my_package
[0.535s] copying my_package/__init__.py -> /home/louis/ros2_ws/build/my_package/build/lib/my_package
[0.535s] copying my_package/my_node.py -> /home/louis/ros2_ws/build/my_package/build/lib/my_package
[0.535s] running install
[0.535s] running install_lib
[0.536s] creating /home/louis/ros2_ws/install/my_package/lib/python3.10/site-packages/my_package
[0.536s] copying /home/louis/ros2_ws/build/my_package/build/lib/my_package/__init__.py -> /home/louis/ros2_ws/install/my_package/lib/python3.10/site-packages/my_package
[0.536s] copying /home/louis/ros2_ws/build/my_package/build/lib/my_package/my_node.py -> /home/louis/ros2_ws/install/my_package/lib/python3.10/site-packages/my_package
[0.536s] byte-compiling /home/louis/ros2_ws/install/my_package/lib/python3.10/site-packages/my_package/__init__.py to __init__.cpython-310.pyc
[0.536s] byte-compiling /home/louis/ros2_ws/install/my_package/lib/python3.10/site-packages/my_package/my_node.py to my_node.cpython-310.pyc
[0.536s] running install_data
[0.536s] creating /home/louis/ros2_ws/install/my_package/share/ament_index
[0.537s] creating /home/louis/ros2_ws/install/my_package/share/ament_index/resource_index
[0.537s] creating /home/louis/ros2_ws/install/my_package/share/ament_index/resource_index/packages
[0.537s] copying resource/my_package -> /home/louis/ros2_ws/install/my_package/share/ament_index/resource_index/packages
[0.537s] copying package.xml -> /home/louis/ros2_ws/install/my_package/share/my_package
[0.537s] running install_egg_info
[0.538s] Copying ../../build/my_package/my_package.egg-info to /home/louis/ros2_ws/install/my_package/lib/python3.10/site-packages/my_package-0.0.0-py3.10.egg-info
[0.538s] running install_scripts
[0.551s] Installing my_node script to /home/louis/ros2_ws/install/my_package/lib/my_package
[0.551s] writing list of installed files to '/home/louis/ros2_ws/build/my_package/install.log'
[0.563s] Invoked command in '/home/louis/ros2_ws/src/my_package' returned '0': CONDA_PROMPT_MODIFIER=(base) PYTHONPATH=/home/louis/ros2_ws/build/my_package/prefix_override:/usr/lib/python3/dist-packages/colcon_core/task/python/colcon_distutils_commands:/home/louis/ros2_ws/install/my_package/lib/python3.10/site-packages:${PYTHONPATH} /usr/bin/python3 -W ignore:setup.py install is deprecated setup.py egg_info --egg-base ../../build/my_package build --build-base /home/louis/ros2_ws/build/my_package/build install --record /home/louis/ros2_ws/build/my_package/install.log --single-version-externally-managed install_data
