[1.181s] Invoking command in '/home/louis/ros2_ws/build/my_package': PYTHONPATH=/home/louis/ros2_ws/build/my_package/prefix_override:/usr/lib/python3/dist-packages/colcon_core/task/python/colcon_distutils_commands:/home/louis/ros2_ws/install/my_package/lib/python3.10/site-packages:${PYTHONPATH} /usr/bin/python3 -W ignore:setup.py install is deprecated setup.py develop --editable --build-directory /home/louis/ros2_ws/build/my_package/build --no-deps symlink_data
[1.366s] running develop
[1.484s] running egg_info
[1.484s] creating my_package.egg-info
[1.485s] writing my_package.egg-info/PKG-INFO
[1.485s] writing dependency_links to my_package.egg-info/dependency_links.txt
[1.485s] writing entry points to my_package.egg-info/entry_points.txt
[1.485s] writing requirements to my_package.egg-info/requires.txt
[1.485s] writing top-level names to my_package.egg-info/top_level.txt
[1.485s] writing manifest file 'my_package.egg-info/SOURCES.txt'
[1.486s] reading manifest file 'my_package.egg-info/SOURCES.txt'
[1.487s] writing manifest file 'my_package.egg-info/SOURCES.txt'
[1.487s] running build_ext
[1.487s] Creating /home/louis/ros2_ws/install/my_package/lib/python3.10/site-packages/my-package.egg-link (link to .)
[1.488s] Installing my_node script to /home/louis/ros2_ws/install/my_package/lib/my_package
[1.488s] 
[1.488s] Installed /home/louis/ros2_ws/build/my_package
[1.488s] running symlink_data
[1.488s] creating /home/louis/ros2_ws/install/my_package/share/ament_index
[1.488s] creating /home/louis/ros2_ws/install/my_package/share/ament_index/resource_index
[1.488s] creating /home/louis/ros2_ws/install/my_package/share/ament_index/resource_index/packages
[1.488s] symbolically linking /home/louis/ros2_ws/build/my_package/resource/my_package -> /home/louis/ros2_ws/install/my_package/share/ament_index/resource_index/packages
[1.488s] symbolically linking /home/louis/ros2_ws/build/my_package/package.xml -> /home/louis/ros2_ws/install/my_package/share/my_package
[1.522s] Invoked command in '/home/louis/ros2_ws/build/my_package' returned '0': PYTHONPATH=/home/louis/ros2_ws/build/my_package/prefix_override:/usr/lib/python3/dist-packages/colcon_core/task/python/colcon_distutils_commands:/home/louis/ros2_ws/install/my_package/lib/python3.10/site-packages:${PYTHONPATH} /usr/bin/python3 -W ignore:setup.py install is deprecated setup.py develop --editable --build-directory /home/louis/ros2_ws/build/my_package/build --no-deps symlink_data
