[0.724s] Invoking command in '/home/louis/ros2_ws/build/my_package': CONDA_PROMPT_MODIFIER=(base) PYTHONPATH=/home/louis/ros2_ws/build/my_package/prefix_override:/usr/lib/python3/dist-packages/colcon_core/task/python/colcon_distutils_commands:/home/louis/ros2_ws/install/my_package/lib/python3.10/site-packages:${PYTHONPATH} /usr/bin/python3 -W ignore:setup.py install is deprecated setup.py develop --editable --build-directory /home/louis/ros2_ws/build/my_package/build --no-deps symlink_data --force
[0.906s] running develop
[0.906s] /usr/lib/python3/dist-packages/setuptools/command/easy_install.py:158: EasyInstallDeprecationWarning: easy_install command is deprecated. Use build and pip and other standards-based tools.
[0.906s]   warnings.warn(
[1.013s] running egg_info
[1.013s] writing my_package.egg-info/PKG-INFO
[1.013s] writing dependency_links to my_package.egg-info/dependency_links.txt
[1.013s] writing entry points to my_package.egg-info/entry_points.txt
[1.013s] writing requirements to my_package.egg-info/requires.txt
[1.013s] writing top-level names to my_package.egg-info/top_level.txt
[1.014s] reading manifest file 'my_package.egg-info/SOURCES.txt'
[1.015s] writing manifest file 'my_package.egg-info/SOURCES.txt'
[1.016s] running build_ext
[1.016s] Creating /home/louis/ros2_ws/install/my_package/lib/python3.10/site-packages/my-package.egg-link (link to .)
[1.016s] Installing my_node script to /home/louis/ros2_ws/install/my_package/lib/my_package
[1.017s] 
[1.017s] Installed /home/louis/ros2_ws/build/my_package
[1.017s] running symlink_data
[1.017s] symbolically linking /home/louis/ros2_ws/build/my_package/resource/my_package -> /home/louis/ros2_ws/install/my_package/share/ament_index/resource_index/packages
[1.017s] symbolically linking /home/louis/ros2_ws/build/my_package/package.xml -> /home/louis/ros2_ws/install/my_package/share/my_package
[1.038s] Invoked command in '/home/louis/ros2_ws/build/my_package' returned '0': CONDA_PROMPT_MODIFIER=(base) PYTHONPATH=/home/louis/ros2_ws/build/my_package/prefix_override:/usr/lib/python3/dist-packages/colcon_core/task/python/colcon_distutils_commands:/home/louis/ros2_ws/install/my_package/lib/python3.10/site-packages:${PYTHONPATH} /usr/bin/python3 -W ignore:setup.py install is deprecated setup.py develop --editable --build-directory /home/louis/ros2_ws/build/my_package/build --no-deps symlink_data --force
