[0.446s] Invoking command in '/home/louis/ros2_ws/build/nabi': CONDA_PROMPT_MODIFIER=(base) PYTHONPATH=/home/louis/ros2_ws/build/nabi/prefix_override:/usr/lib/python3/dist-packages/colcon_core/task/python/colcon_distutils_commands:/home/louis/ros2_ws/install/nabi/lib/python3.10/site-packages:${PYTHONPATH} /usr/bin/python3 -W ignore:setup.py install is deprecated setup.py develop --editable --build-directory /home/louis/ros2_ws/build/nabi/build --no-deps symlink_data
[0.634s] running develop
[0.757s] running egg_info
[0.757s] writing nabi.egg-info/PKG-INFO
[0.757s] writing dependency_links to nabi.egg-info/dependency_links.txt
[0.757s] writing entry points to nabi.egg-info/entry_points.txt
[0.757s] writing requirements to nabi.egg-info/requires.txt
[0.757s] writing top-level names to nabi.egg-info/top_level.txt
[0.758s] reading manifest file 'nabi.egg-info/SOURCES.txt'
[0.759s] writing manifest file 'nabi.egg-info/SOURCES.txt'
[0.760s] running build_ext
[0.760s] Creating /home/louis/ros2_ws/install/nabi/lib/python3.10/site-packages/nabi.egg-link (link to .)
[0.760s] Installing parser script to /home/louis/ros2_ws/install/nabi/lib/nabi
[0.764s] Installing recorder script to /home/louis/ros2_ws/install/nabi/lib/nabi
[0.764s] Installing talker script to /home/louis/ros2_ws/install/nabi/lib/nabi
[0.764s] Installing writer script to /home/louis/ros2_ws/install/nabi/lib/nabi
[0.765s] 
[0.765s] Installed /home/louis/ros2_ws/build/nabi
[0.765s] running symlink_data
[0.782s] Invoked command in '/home/louis/ros2_ws/build/nabi' returned '0': CONDA_PROMPT_MODIFIER=(base) PYTHONPATH=/home/louis/ros2_ws/build/nabi/prefix_override:/usr/lib/python3/dist-packages/colcon_core/task/python/colcon_distutils_commands:/home/louis/ros2_ws/install/nabi/lib/python3.10/site-packages:${PYTHONPATH} /usr/bin/python3 -W ignore:setup.py install is deprecated setup.py develop --editable --build-directory /home/louis/ros2_ws/build/nabi/build --no-deps symlink_data
