[0.383s] Invoking command in '/home/louis/ros2_ws/src/py_pubsub': CONDA_PROMPT_MODIFIER=(base) PYTHONPATH=/home/louis/ros2_ws/build/py_pubsub/prefix_override:/usr/lib/python3/dist-packages/colcon_core/task/python/colcon_distutils_commands:/home/louis/ros2_ws/install/py_pubsub/lib/python3.10/site-packages:${PYTHONPATH} /usr/bin/python3 -W ignore:setup.py install is deprecated setup.py egg_info --egg-base ../../build/py_pubsub build --build-base /home/louis/ros2_ws/build/py_pubsub/build install --record /home/louis/ros2_ws/build/py_pubsub/install.log --single-version-externally-managed install_data
[0.537s] running egg_info
[0.537s] creating ../../build/py_pubsub/py_pubsub.egg-info
[0.537s] writing ../../build/py_pubsub/py_pubsub.egg-info/PKG-INFO
[0.537s] writing dependency_links to ../../build/py_pubsub/py_pubsub.egg-info/dependency_links.txt
[0.538s] writing entry points to ../../build/py_pubsub/py_pubsub.egg-info/entry_points.txt
[0.538s] writing requirements to ../../build/py_pubsub/py_pubsub.egg-info/requires.txt
[0.538s] writing top-level names to ../../build/py_pubsub/py_pubsub.egg-info/top_level.txt
[0.538s] writing manifest file '../../build/py_pubsub/py_pubsub.egg-info/SOURCES.txt'
[0.539s] reading manifest file '../../build/py_pubsub/py_pubsub.egg-info/SOURCES.txt'
[0.539s] adding license file 'LICENSE'
[0.539s] writing manifest file '../../build/py_pubsub/py_pubsub.egg-info/SOURCES.txt'
[0.539s] running build
[0.539s] running build_py
[0.539s] creating /home/louis/ros2_ws/build/py_pubsub/build
[0.539s] creating /home/louis/ros2_ws/build/py_pubsub/build/lib
[0.539s] creating /home/louis/ros2_ws/build/py_pubsub/build/lib/py_pubsub
[0.539s] copying py_pubsub/publisher_member_function.py -> /home/louis/ros2_ws/build/py_pubsub/build/lib/py_pubsub
[0.539s] copying py_pubsub/subscriber_member_function.py -> /home/louis/ros2_ws/build/py_pubsub/build/lib/py_pubsub
[0.540s] copying py_pubsub/__init__.py -> /home/louis/ros2_ws/build/py_pubsub/build/lib/py_pubsub
[0.540s] running install
[0.540s] running install_lib
[0.540s] creating /home/louis/ros2_ws/install/py_pubsub/lib/python3.10/site-packages/py_pubsub
[0.540s] copying /home/louis/ros2_ws/build/py_pubsub/build/lib/py_pubsub/publisher_member_function.py -> /home/louis/ros2_ws/install/py_pubsub/lib/python3.10/site-packages/py_pubsub
[0.540s] copying /home/louis/ros2_ws/build/py_pubsub/build/lib/py_pubsub/subscriber_member_function.py -> /home/louis/ros2_ws/install/py_pubsub/lib/python3.10/site-packages/py_pubsub
[0.540s] copying /home/louis/ros2_ws/build/py_pubsub/build/lib/py_pubsub/__init__.py -> /home/louis/ros2_ws/install/py_pubsub/lib/python3.10/site-packages/py_pubsub
[0.541s] byte-compiling /home/louis/ros2_ws/install/py_pubsub/lib/python3.10/site-packages/py_pubsub/publisher_member_function.py to publisher_member_function.cpython-310.pyc
[0.541s] byte-compiling /home/louis/ros2_ws/install/py_pubsub/lib/python3.10/site-packages/py_pubsub/subscriber_member_function.py to subscriber_member_function.cpython-310.pyc
[0.541s] byte-compiling /home/louis/ros2_ws/install/py_pubsub/lib/python3.10/site-packages/py_pubsub/__init__.py to __init__.cpython-310.pyc
[0.541s] running install_data
[0.541s] creating /home/louis/ros2_ws/install/py_pubsub/share/ament_index
[0.542s] creating /home/louis/ros2_ws/install/py_pubsub/share/ament_index/resource_index
[0.542s] creating /home/louis/ros2_ws/install/py_pubsub/share/ament_index/resource_index/packages
[0.542s] copying resource/py_pubsub -> /home/louis/ros2_ws/install/py_pubsub/share/ament_index/resource_index/packages
[0.542s] copying package.xml -> /home/louis/ros2_ws/install/py_pubsub/share/py_pubsub
[0.542s] running install_egg_info
[0.543s] Copying ../../build/py_pubsub/py_pubsub.egg-info to /home/louis/ros2_ws/install/py_pubsub/lib/python3.10/site-packages/py_pubsub-0.0.0-py3.10.egg-info
[0.543s] running install_scripts
[0.556s] Installing listener script to /home/louis/ros2_ws/install/py_pubsub/lib/py_pubsub
[0.556s] Installing talker script to /home/louis/ros2_ws/install/py_pubsub/lib/py_pubsub
[0.556s] writing list of installed files to '/home/louis/ros2_ws/build/py_pubsub/install.log'
[0.568s] Invoked command in '/home/louis/ros2_ws/src/py_pubsub' returned '0': CONDA_PROMPT_MODIFIER=(base) PYTHONPATH=/home/louis/ros2_ws/build/py_pubsub/prefix_override:/usr/lib/python3/dist-packages/colcon_core/task/python/colcon_distutils_commands:/home/louis/ros2_ws/install/py_pubsub/lib/python3.10/site-packages:${PYTHONPATH} /usr/bin/python3 -W ignore:setup.py install is deprecated setup.py egg_info --egg-base ../../build/py_pubsub build --build-base /home/louis/ros2_ws/build/py_pubsub/build install --record /home/louis/ros2_ws/build/py_pubsub/install.log --single-version-externally-managed install_data
