[0.940s] Invoking command in '/home/louis/ros2_ws/build/py_pubsub': PYTHONPATH=/home/louis/ros2_ws/build/py_pubsub/prefix_override:/usr/lib/python3/dist-packages/colcon_core/task/python/colcon_distutils_commands:/home/louis/ros2_ws/install/py_pubsub/lib/python3.10/site-packages:${PYTHONPATH} /usr/bin/python3 -W ignore:setup.py install is deprecated setup.py develop --editable --build-directory /home/louis/ros2_ws/build/py_pubsub/build --no-deps symlink_data --force
[1.113s] running develop
[1.226s] running egg_info
[1.226s] writing py_pubsub.egg-info/PKG-INFO
[1.226s] writing dependency_links to py_pubsub.egg-info/dependency_links.txt
[1.226s] writing entry points to py_pubsub.egg-info/entry_points.txt
[1.226s] writing requirements to py_pubsub.egg-info/requires.txt
[1.226s] writing top-level names to py_pubsub.egg-info/top_level.txt
[1.227s] reading manifest file 'py_pubsub.egg-info/SOURCES.txt'
[1.228s] writing manifest file 'py_pubsub.egg-info/SOURCES.txt'
[1.229s] running build_ext
[1.229s] Creating /home/louis/ros2_ws/install/py_pubsub/lib/python3.10/site-packages/py-pubsub.egg-link (link to .)
[1.229s] Installing listener script to /home/louis/ros2_ws/install/py_pubsub/lib/py_pubsub
[1.229s] Installing talker script to /home/louis/ros2_ws/install/py_pubsub/lib/py_pubsub
[1.229s] 
[1.229s] Installed /home/louis/ros2_ws/build/py_pubsub
[1.230s] running symlink_data
[1.230s] symbolically linking /home/louis/ros2_ws/build/py_pubsub/resource/py_pubsub -> /home/louis/ros2_ws/install/py_pubsub/share/ament_index/resource_index/packages
[1.230s] symbolically linking /home/louis/ros2_ws/build/py_pubsub/package.xml -> /home/louis/ros2_ws/install/py_pubsub/share/py_pubsub
[1.251s] Invoked command in '/home/louis/ros2_ws/build/py_pubsub' returned '0': PYTHONPATH=/home/louis/ros2_ws/build/py_pubsub/prefix_override:/usr/lib/python3/dist-packages/colcon_core/task/python/colcon_distutils_commands:/home/louis/ros2_ws/install/py_pubsub/lib/python3.10/site-packages:${PYTHONPATH} /usr/bin/python3 -W ignore:setup.py install is deprecated setup.py develop --editable --build-directory /home/louis/ros2_ws/build/py_pubsub/build --no-deps symlink_data --force
