[1.172s] Invoking command in '/home/louis/ros2_ws/build/py_pubsub': PYTHONPATH=/home/louis/ros2_ws/build/py_pubsub/prefix_override:/usr/lib/python3/dist-packages/colcon_core/task/python/colcon_distutils_commands:/home/louis/ros2_ws/install/py_pubsub/lib/python3.10/site-packages:${PYTHONPATH} /usr/bin/python3 -W ignore:setup.py install is deprecated setup.py develop --editable --build-directory /home/louis/ros2_ws/build/py_pubsub/build --no-deps symlink_data
[1.358s] running develop
[1.474s] running egg_info
[1.474s] creating py_pubsub.egg-info
[1.474s] writing py_pubsub.egg-info/PKG-INFO
[1.474s] writing dependency_links to py_pubsub.egg-info/dependency_links.txt
[1.475s] writing entry points to py_pubsub.egg-info/entry_points.txt
[1.475s] writing requirements to py_pubsub.egg-info/requires.txt
[1.475s] writing top-level names to py_pubsub.egg-info/top_level.txt
[1.475s] writing manifest file 'py_pubsub.egg-info/SOURCES.txt'
[1.476s] reading manifest file 'py_pubsub.egg-info/SOURCES.txt'
[1.477s] writing manifest file 'py_pubsub.egg-info/SOURCES.txt'
[1.477s] running build_ext
[1.477s] Creating /home/louis/ros2_ws/install/py_pubsub/lib/python3.10/site-packages/py-pubsub.egg-link (link to .)
[1.478s] Installing listener script to /home/louis/ros2_ws/install/py_pubsub/lib/py_pubsub
[1.478s] Installing talker script to /home/louis/ros2_ws/install/py_pubsub/lib/py_pubsub
[1.478s] 
[1.478s] Installed /home/louis/ros2_ws/build/py_pubsub
[1.478s] running symlink_data
[1.478s] creating /home/louis/ros2_ws/install/py_pubsub/share/ament_index
[1.478s] creating /home/louis/ros2_ws/install/py_pubsub/share/ament_index/resource_index
[1.478s] creating /home/louis/ros2_ws/install/py_pubsub/share/ament_index/resource_index/packages
[1.478s] symbolically linking /home/louis/ros2_ws/build/py_pubsub/resource/py_pubsub -> /home/louis/ros2_ws/install/py_pubsub/share/ament_index/resource_index/packages
[1.478s] symbolically linking /home/louis/ros2_ws/build/py_pubsub/package.xml -> /home/louis/ros2_ws/install/py_pubsub/share/py_pubsub
[1.509s] Invoked command in '/home/louis/ros2_ws/build/py_pubsub' returned '0': PYTHONPATH=/home/louis/ros2_ws/build/py_pubsub/prefix_override:/usr/lib/python3/dist-packages/colcon_core/task/python/colcon_distutils_commands:/home/louis/ros2_ws/install/py_pubsub/lib/python3.10/site-packages:${PYTHONPATH} /usr/bin/python3 -W ignore:setup.py install is deprecated setup.py develop --editable --build-directory /home/louis/ros2_ws/build/py_pubsub/build --no-deps symlink_data
