[0.007s] Invoking command in '/home/louis/ros2_ws/build/tutorial_interfaces': CMAKE_PREFIX_PATH=${CMAKE_PREFIX_PATH}:/home/louis/ros2_ws/install/py_srvcli:/home/louis/ros2_ws/install/py_pubsub:/home/louis/ros2_ws/install/my_package:/home/louis/workspaces/ros2_ws/install/launch_testing_examples:/home/louis/workspaces/ros2_ws/install/examples_rclpy_pointcloud_publisher:/home/louis/workspaces/ros2_ws/install/examples_rclpy_minimal_subscriber:/home/louis/workspaces/ros2_ws/install/examples_rclpy_minimal_service:/home/louis/workspaces/ros2_ws/install/examples_rclpy_minimal_publisher:/home/louis/workspaces/ros2_ws/install/examples_rclpy_minimal_client:/home/louis/workspaces/ros2_ws/install/examples_rclpy_minimal_action_server:/home/louis/workspaces/ros2_ws/install/examples_rclpy_minimal_action_client:/home/louis/workspaces/ros2_ws/install/examples_rclpy_guard_conditions:/home/louis/workspaces/ros2_ws/install/examples_rclpy_executors:/opt/ros/humble CONDA_PROMPT_MODIFIER=(base) /usr/bin/cmake /home/louis/ros2_ws/src/tutorial_interfaces -DCMAKE_INSTALL_PREFIX=/home/louis/ros2_ws/install/tutorial_interfaces
[0.055s] -- The C compiler identification is GNU 12.3.0
[0.093s] -- The CXX compiler identification is GNU 11.4.0
[0.098s] -- Detecting C compiler ABI info
[0.150s] -- Detecting C compiler ABI info - done
[0.156s] -- Check for working C compiler: /usr/bin/cc - skipped
[0.156s] -- Detecting C compile features
[0.156s] -- Detecting C compile features - done
[0.159s] -- Detecting CXX compiler ABI info
[0.215s] -- Detecting CXX compiler ABI info - done
[0.221s] -- Check for working CXX compiler: /usr/bin/c++ - skipped
[0.221s] -- Detecting CXX compile features
[0.221s] -- Detecting CXX compile features - done
[0.224s] -- Found ament_cmake: 1.3.10 (/opt/ros/humble/share/ament_cmake/cmake)
[0.463s] -- Found Python3: /home/louis/miniconda3/bin/python3 (found version "3.12.4") found components: Interpreter 
[0.542s] -- Found geometry_msgs: 4.2.4 (/opt/ros/humble/share/geometry_msgs/cmake)
[0.572s] -- Found rosidl_generator_c: 3.1.5 (/opt/ros/humble/share/rosidl_generator_c/cmake)
[0.577s] -- Found rosidl_adapter: 3.1.5 (/opt/ros/humble/share/rosidl_adapter/cmake)
[0.583s] -- Found rosidl_generator_cpp: 3.1.5 (/opt/ros/humble/share/rosidl_generator_cpp/cmake)
[0.592s] -- Using all available rosidl_typesupport_c: rosidl_typesupport_fastrtps_c;rosidl_typesupport_introspection_c
[0.604s] -- Using all available rosidl_typesupport_cpp: rosidl_typesupport_fastrtps_cpp;rosidl_typesupport_introspection_cpp
[0.630s] -- Found rosidl_default_generators: 1.2.0 (/opt/ros/humble/share/rosidl_default_generators/cmake)
[0.637s] [31mCMake Error at CMakeLists.txt:13 (rosidl_default_generators):
[0.637s]   Unknown CMake command "rosidl_default_generators".
[0.637s] 
[0.637s] [0m
[0.637s] -- Configuring incomplete, errors occurred!
[0.637s] See also "/home/louis/ros2_ws/build/tutorial_interfaces/CMakeFiles/CMakeOutput.log".
[0.641s] Invoked command in '/home/louis/ros2_ws/build/tutorial_interfaces' returned '1': CMAKE_PREFIX_PATH=${CMAKE_PREFIX_PATH}:/home/louis/ros2_ws/install/py_srvcli:/home/louis/ros2_ws/install/py_pubsub:/home/louis/ros2_ws/install/my_package:/home/louis/workspaces/ros2_ws/install/launch_testing_examples:/home/louis/workspaces/ros2_ws/install/examples_rclpy_pointcloud_publisher:/home/louis/workspaces/ros2_ws/install/examples_rclpy_minimal_subscriber:/home/louis/workspaces/ros2_ws/install/examples_rclpy_minimal_service:/home/louis/workspaces/ros2_ws/install/examples_rclpy_minimal_publisher:/home/louis/workspaces/ros2_ws/install/examples_rclpy_minimal_client:/home/louis/workspaces/ros2_ws/install/examples_rclpy_minimal_action_server:/home/louis/workspaces/ros2_ws/install/examples_rclpy_minimal_action_client:/home/louis/workspaces/ros2_ws/install/examples_rclpy_guard_conditions:/home/louis/workspaces/ros2_ws/install/examples_rclpy_executors:/opt/ros/humble CONDA_PROMPT_MODIFIER=(base) /usr/bin/cmake /home/louis/ros2_ws/src/tutorial_interfaces -DCMAKE_INSTALL_PREFIX=/home/louis/ros2_ws/install/tutorial_interfaces
