[0.449s] Invoking command in '/home/louis/ros2_ws/build/nabi': PYTHONPATH=/home/louis/ros2_ws/build/nabi/prefix_override:/usr/lib/python3/dist-packages/colcon_core/task/python/colcon_distutils_commands:/home/louis/ros2_ws/install/nabi/lib/python3.10/site-packages:${PYTHONPATH} /usr/bin/python3 -W ignore:setup.py install is deprecated setup.py develop --editable --build-directory /home/louis/ros2_ws/build/nabi/build --no-deps symlink_data
[0.636s] running develop
[0.756s] running egg_info
[0.756s] writing nabi.egg-info/PKG-INFO
[0.756s] writing dependency_links to nabi.egg-info/dependency_links.txt
[0.756s] writing entry points to nabi.egg-info/entry_points.txt
[0.756s] writing requirements to nabi.egg-info/requires.txt
[0.756s] writing top-level names to nabi.egg-info/top_level.txt
[0.757s] reading manifest file 'nabi.egg-info/SOURCES.txt'
[0.758s] writing manifest file 'nabi.egg-info/SOURCES.txt'
[0.759s] running build_ext
[0.759s] Creating /home/louis/ros2_ws/install/nabi/lib/python3.10/site-packages/nabi.egg-link (link to .)
[0.759s] Installing joint script to /home/louis/ros2_ws/install/nabi/lib/nabi
[0.759s] Installing parser script to /home/louis/ros2_ws/install/nabi/lib/nabi
[0.759s] Installing recorder script to /home/louis/ros2_ws/install/nabi/lib/nabi
[0.760s] Installing talker script to /home/louis/ros2_ws/install/nabi/lib/nabi
[0.760s] Installing writer script to /home/louis/ros2_ws/install/nabi/lib/nabi
[0.760s] 
[0.760s] Installed /home/louis/ros2_ws/build/nabi
[0.760s] running symlink_data
[0.760s] symbolically linking /home/louis/ros2_ws/build/nabi/launch/joints_launch.py -> /home/louis/ros2_ws/install/nabi/share/nabi
[0.775s] Invoked command in '/home/louis/ros2_ws/build/nabi' returned '0': PYTHONPATH=/home/louis/ros2_ws/build/nabi/prefix_override:/usr/lib/python3/dist-packages/colcon_core/task/python/colcon_distutils_commands:/home/louis/ros2_ws/install/nabi/lib/python3.10/site-packages:${PYTHONPATH} /usr/bin/python3 -W ignore:setup.py install is deprecated setup.py develop --editable --build-directory /home/louis/ros2_ws/build/nabi/build --no-deps symlink_data
