[1.176s] Invoking command in '/home/louis/ros2_ws/build/py_srvcli': PYTHONPATH=/home/louis/ros2_ws/build/py_srvcli/prefix_override:/usr/lib/python3/dist-packages/colcon_core/task/python/colcon_distutils_commands:/home/louis/ros2_ws/install/py_srvcli/lib/python3.10/site-packages:${PYTHONPATH} /usr/bin/python3 -W ignore:setup.py install is deprecated setup.py develop --editable --build-directory /home/louis/ros2_ws/build/py_srvcli/build --no-deps symlink_data
[1.361s] running develop
[1.478s] running egg_info
[1.478s] creating py_srvcli.egg-info
[1.478s] writing py_srvcli.egg-info/PKG-INFO
[1.478s] writing dependency_links to py_srvcli.egg-info/dependency_links.txt
[1.478s] writing entry points to py_srvcli.egg-info/entry_points.txt
[1.478s] writing requirements to py_srvcli.egg-info/requires.txt
[1.479s] writing top-level names to py_srvcli.egg-info/top_level.txt
[1.479s] writing manifest file 'py_srvcli.egg-info/SOURCES.txt'
[1.480s] reading manifest file 'py_srvcli.egg-info/SOURCES.txt'
[1.480s] writing manifest file 'py_srvcli.egg-info/SOURCES.txt'
[1.482s] running build_ext
[1.482s] Creating /home/louis/ros2_ws/install/py_srvcli/lib/python3.10/site-packages/py-srvcli.egg-link (link to .)
[1.482s] Installing client script to /home/louis/ros2_ws/install/py_srvcli/lib/py_srvcli
[1.482s] Installing service script to /home/louis/ros2_ws/install/py_srvcli/lib/py_srvcli
[1.482s] 
[1.483s] Installed /home/louis/ros2_ws/build/py_srvcli
[1.483s] running symlink_data
[1.483s] creating /home/louis/ros2_ws/install/py_srvcli/share/ament_index
[1.483s] creating /home/louis/ros2_ws/install/py_srvcli/share/ament_index/resource_index
[1.483s] creating /home/louis/ros2_ws/install/py_srvcli/share/ament_index/resource_index/packages
[1.483s] symbolically linking /home/louis/ros2_ws/build/py_srvcli/resource/py_srvcli -> /home/louis/ros2_ws/install/py_srvcli/share/ament_index/resource_index/packages
[1.483s] symbolically linking /home/louis/ros2_ws/build/py_srvcli/package.xml -> /home/louis/ros2_ws/install/py_srvcli/share/py_srvcli
[1.522s] Invoked command in '/home/louis/ros2_ws/build/py_srvcli' returned '0': PYTHONPATH=/home/louis/ros2_ws/build/py_srvcli/prefix_override:/usr/lib/python3/dist-packages/colcon_core/task/python/colcon_distutils_commands:/home/louis/ros2_ws/install/py_srvcli/lib/python3.10/site-packages:${PYTHONPATH} /usr/bin/python3 -W ignore:setup.py install is deprecated setup.py develop --editable --build-directory /home/louis/ros2_ws/build/py_srvcli/build --no-deps symlink_data
