[0.788s] Invoking command in '/home/louis/ros2_ws/src/py_srvcli': CONDA_PROMPT_MODIFIER=(base) PYTHONPATH=/home/louis/ros2_ws/build/py_srvcli/prefix_override:/usr/lib/python3/dist-packages/colcon_core/task/python/colcon_distutils_commands:/home/louis/ros2_ws/install/py_srvcli/lib/python3.10/site-packages:${PYTHONPATH} /usr/bin/python3 -W ignore:setup.py install is deprecated setup.py egg_info --egg-base ../../build/py_srvcli build --build-base /home/louis/ros2_ws/build/py_srvcli/build install --record /home/louis/ros2_ws/build/py_srvcli/install.log --single-version-externally-managed install_data
[0.936s] running egg_info
[0.937s] writing ../../build/py_srvcli/py_srvcli.egg-info/PKG-INFO
[0.937s] writing dependency_links to ../../build/py_srvcli/py_srvcli.egg-info/dependency_links.txt
[0.937s] writing entry points to ../../build/py_srvcli/py_srvcli.egg-info/entry_points.txt
[0.937s] writing requirements to ../../build/py_srvcli/py_srvcli.egg-info/requires.txt
[0.937s] writing top-level names to ../../build/py_srvcli/py_srvcli.egg-info/top_level.txt
[0.939s] reading manifest file '../../build/py_srvcli/py_srvcli.egg-info/SOURCES.txt'
[0.940s] adding license file 'LICENSE'
[0.940s] writing manifest file '../../build/py_srvcli/py_srvcli.egg-info/SOURCES.txt'
[0.940s] running build
[0.940s] running build_py
[0.941s] running install
[0.941s] running install_lib
[0.942s] running install_data
[0.942s] running install_egg_info
[0.943s] removing '/home/louis/ros2_ws/install/py_srvcli/lib/python3.10/site-packages/py_srvcli-0.0.0-py3.10.egg-info' (and everything under it)
[0.944s] Copying ../../build/py_srvcli/py_srvcli.egg-info to /home/louis/ros2_ws/install/py_srvcli/lib/python3.10/site-packages/py_srvcli-0.0.0-py3.10.egg-info
[0.944s] running install_scripts
[0.957s] Installing client script to /home/louis/ros2_ws/install/py_srvcli/lib/py_srvcli
[0.957s] Installing service script to /home/louis/ros2_ws/install/py_srvcli/lib/py_srvcli
[0.958s] writing list of installed files to '/home/louis/ros2_ws/build/py_srvcli/install.log'
[0.973s] Invoked command in '/home/louis/ros2_ws/src/py_srvcli' returned '0': CONDA_PROMPT_MODIFIER=(base) PYTHONPATH=/home/louis/ros2_ws/build/py_srvcli/prefix_override:/usr/lib/python3/dist-packages/colcon_core/task/python/colcon_distutils_commands:/home/louis/ros2_ws/install/py_srvcli/lib/python3.10/site-packages:${PYTHONPATH} /usr/bin/python3 -W ignore:setup.py install is deprecated setup.py egg_info --egg-base ../../build/py_srvcli build --build-base /home/louis/ros2_ws/build/py_srvcli/build install --record /home/louis/ros2_ws/build/py_srvcli/install.log --single-version-externally-managed install_data
