[0.390s] Invoking command in '/home/louis/ros2_ws/src/py_pubsub': CONDA_PROMPT_MODIFIER=(base) PYTHONPATH=/home/louis/ros2_ws/build/py_pubsub/prefix_override:/usr/lib/python3/dist-packages/colcon_core/task/python/colcon_distutils_commands:/home/louis/ros2_ws/install/py_pubsub/lib/python3.10/site-packages:${PYTHONPATH} /usr/bin/python3 -W ignore:setup.py install is deprecated setup.py egg_info --egg-base ../../build/py_pubsub build --build-base /home/louis/ros2_ws/build/py_pubsub/build install --record /home/louis/ros2_ws/build/py_pubsub/install.log --single-version-externally-managed install_data
[0.546s] running egg_info
[0.546s] writing ../../build/py_pubsub/py_pubsub.egg-info/PKG-INFO
[0.546s] writing dependency_links to ../../build/py_pubsub/py_pubsub.egg-info/dependency_links.txt
[0.546s] writing entry points to ../../build/py_pubsub/py_pubsub.egg-info/entry_points.txt
[0.546s] writing requirements to ../../build/py_pubsub/py_pubsub.egg-info/requires.txt
[0.546s] writing top-level names to ../../build/py_pubsub/py_pubsub.egg-info/top_level.txt
[0.547s] reading manifest file '../../build/py_pubsub/py_pubsub.egg-info/SOURCES.txt'
[0.548s] adding license file 'LICENSE'
[0.548s] writing manifest file '../../build/py_pubsub/py_pubsub.egg-info/SOURCES.txt'
[0.548s] running build
[0.548s] running build_py
[0.548s] copying py_pubsub/publisher_member_function.py -> /home/louis/ros2_ws/build/py_pubsub/build/lib/py_pubsub
[0.548s] running install
[0.549s] running install_lib
[0.549s] copying /home/louis/ros2_ws/build/py_pubsub/build/lib/py_pubsub/publisher_member_function.py -> /home/louis/ros2_ws/install/py_pubsub/lib/python3.10/site-packages/py_pubsub
[0.549s] byte-compiling /home/louis/ros2_ws/install/py_pubsub/lib/python3.10/site-packages/py_pubsub/publisher_member_function.py to publisher_member_function.cpython-310.pyc
[0.550s] running install_data
[0.550s] running install_egg_info
[0.551s] removing '/home/louis/ros2_ws/install/py_pubsub/lib/python3.10/site-packages/py_pubsub-0.0.0-py3.10.egg-info' (and everything under it)
[0.551s] Copying ../../build/py_pubsub/py_pubsub.egg-info to /home/louis/ros2_ws/install/py_pubsub/lib/python3.10/site-packages/py_pubsub-0.0.0-py3.10.egg-info
[0.552s] running install_scripts
[0.565s] Installing listener script to /home/louis/ros2_ws/install/py_pubsub/lib/py_pubsub
[0.565s] Installing talker script to /home/louis/ros2_ws/install/py_pubsub/lib/py_pubsub
[0.565s] writing list of installed files to '/home/louis/ros2_ws/build/py_pubsub/install.log'
[0.577s] Invoked command in '/home/louis/ros2_ws/src/py_pubsub' returned '0': CONDA_PROMPT_MODIFIER=(base) PYTHONPATH=/home/louis/ros2_ws/build/py_pubsub/prefix_override:/usr/lib/python3/dist-packages/colcon_core/task/python/colcon_distutils_commands:/home/louis/ros2_ws/install/py_pubsub/lib/python3.10/site-packages:${PYTHONPATH} /usr/bin/python3 -W ignore:setup.py install is deprecated setup.py egg_info --egg-base ../../build/py_pubsub build --build-base /home/louis/ros2_ws/build/py_pubsub/build install --record /home/louis/ros2_ws/build/py_pubsub/install.log --single-version-externally-managed install_data
