[0.717s] Invoking command in '/home/louis/ros2_ws/build/py_srvcli': CONDA_PROMPT_MODIFIER=(base) PYTHONPATH=/home/louis/ros2_ws/build/py_srvcli/prefix_override:/usr/lib/python3/dist-packages/colcon_core/task/python/colcon_distutils_commands:/home/louis/ros2_ws/install/py_srvcli/lib/python3.10/site-packages:${PYTHONPATH} /usr/bin/python3 -W ignore:setup.py install is deprecated setup.py develop --editable --build-directory /home/louis/ros2_ws/build/py_srvcli/build --no-deps symlink_data --force
[0.897s] running develop
[0.897s] /usr/lib/python3/dist-packages/setuptools/command/easy_install.py:158: EasyInstallDeprecationWarning: easy_install command is deprecated. Use build and pip and other standards-based tools.
[0.897s]   warnings.warn(
[1.002s] running egg_info
[1.002s] writing py_srvcli.egg-info/PKG-INFO
[1.003s] writing dependency_links to py_srvcli.egg-info/dependency_links.txt
[1.003s] writing entry points to py_srvcli.egg-info/entry_points.txt
[1.003s] writing requirements to py_srvcli.egg-info/requires.txt
[1.003s] writing top-level names to py_srvcli.egg-info/top_level.txt
[1.004s] reading manifest file 'py_srvcli.egg-info/SOURCES.txt'
[1.005s] writing manifest file 'py_srvcli.egg-info/SOURCES.txt'
[1.005s] running build_ext
[1.005s] Creating /home/louis/ros2_ws/install/py_srvcli/lib/python3.10/site-packages/py-srvcli.egg-link (link to .)
[1.006s] Installing client script to /home/louis/ros2_ws/install/py_srvcli/lib/py_srvcli
[1.006s] Installing service script to /home/louis/ros2_ws/install/py_srvcli/lib/py_srvcli
[1.006s] 
[1.006s] Installed /home/louis/ros2_ws/build/py_srvcli
[1.006s] running symlink_data
[1.006s] symbolically linking /home/louis/ros2_ws/build/py_srvcli/resource/py_srvcli -> /home/louis/ros2_ws/install/py_srvcli/share/ament_index/resource_index/packages
[1.006s] symbolically linking /home/louis/ros2_ws/build/py_srvcli/package.xml -> /home/louis/ros2_ws/install/py_srvcli/share/py_srvcli
[1.026s] Invoked command in '/home/louis/ros2_ws/build/py_srvcli' returned '0': CONDA_PROMPT_MODIFIER=(base) PYTHONPATH=/home/louis/ros2_ws/build/py_srvcli/prefix_override:/usr/lib/python3/dist-packages/colcon_core/task/python/colcon_distutils_commands:/home/louis/ros2_ws/install/py_srvcli/lib/python3.10/site-packages:${PYTHONPATH} /usr/bin/python3 -W ignore:setup.py install is deprecated setup.py develop --editable --build-directory /home/louis/ros2_ws/build/py_srvcli/build --no-deps symlink_data --force
