/home/louis/nabi_ws/env/lib/python3.12/site-packages/setuptools/_distutils/dist.py:261: UserWarning: Unknown distribution option: 'tests_require'
  warnings.warn(msg)
running develop
/home/louis/nabi_ws/env/lib/python3.12/site-packages/setuptools/command/develop.py:41: EasyInstallDeprecationWarning: easy_install command is deprecated.
!!

        ********************************************************************************
        Please avoid running ``setup.py`` and ``easy_install``.
        Instead, use pypa/build, pypa/installer or other
        standards-based tools.

        See https://github.com/pypa/setuptools/issues/917 for details.
        ********************************************************************************

!!
  easy_install.initialize_options(self)
running egg_info
writing nabi.egg-info/PKG-INFO
writing dependency_links to nabi.egg-info/dependency_links.txt
writing entry points to nabi.egg-info/entry_points.txt
writing requirements to nabi.egg-info/requires.txt
writing top-level names to nabi.egg-info/top_level.txt
reading manifest file 'nabi.egg-info/SOURCES.txt'
writing manifest file 'nabi.egg-info/SOURCES.txt'
running build_ext
Creating /home/louis/ros2_ws/install/nabi/lib/python3.10/site-packages/nabi.egg-link (link to .)
Installing recorder script to /home/louis/ros2_ws/install/nabi/lib/nabi

Installed /home/louis/ros2_ws/build/nabi
running symlink_data
symbolically linking /home/louis/ros2_ws/build/nabi/resource/nabi -> /home/louis/ros2_ws/install/nabi/share/ament_index/resource_index/packages
symbolically linking /home/louis/ros2_ws/build/nabi/package.xml -> /home/louis/ros2_ws/install/nabi/share/nabi
