[0.763s] Invoking command in '/home/louis/ros2_ws/src/my_package': CONDA_PROMPT_MODIFIER=(base) PYTHONPATH=/home/louis/ros2_ws/build/my_package/prefix_override:/usr/lib/python3/dist-packages/colcon_core/task/python/colcon_distutils_commands:/home/louis/ros2_ws/install/my_package/lib/python3.10/site-packages:${PYTHONPATH} /usr/bin/python3 -W ignore:setup.py install is deprecated setup.py egg_info --egg-base ../../build/my_package build --build-base /home/louis/ros2_ws/build/my_package/build install --record /home/louis/ros2_ws/build/my_package/install.log --single-version-externally-managed install_data
[0.920s] running egg_info
[0.920s] writing ../../build/my_package/my_package.egg-info/PKG-INFO
[0.920s] writing dependency_links to ../../build/my_package/my_package.egg-info/dependency_links.txt
[0.921s] writing entry points to ../../build/my_package/my_package.egg-info/entry_points.txt
[0.921s] writing requirements to ../../build/my_package/my_package.egg-info/requires.txt
[0.921s] writing top-level names to ../../build/my_package/my_package.egg-info/top_level.txt
[0.922s] reading manifest file '../../build/my_package/my_package.egg-info/SOURCES.txt'
[0.922s] adding license file 'LICENSE'
[0.922s] writing manifest file '../../build/my_package/my_package.egg-info/SOURCES.txt'
[0.922s] running build
[0.922s] running build_py
[0.922s] running install
[0.923s] running install_lib
[0.923s] running install_data
[0.923s] running install_egg_info
[0.924s] removing '/home/louis/ros2_ws/install/my_package/lib/python3.10/site-packages/my_package-0.0.0-py3.10.egg-info' (and everything under it)
[0.925s] Copying ../../build/my_package/my_package.egg-info to /home/louis/ros2_ws/install/my_package/lib/python3.10/site-packages/my_package-0.0.0-py3.10.egg-info
[0.925s] running install_scripts
[0.939s] Installing my_node script to /home/louis/ros2_ws/install/my_package/lib/my_package
[0.939s] writing list of installed files to '/home/louis/ros2_ws/build/my_package/install.log'
