[0.015s] Invoking command in '/home/louis/ros2_ws/build/tutorial_interfaces': CMAKE_PREFIX_PATH=/opt/ros/humble CONDA_PROMPT_MODIFIER=(base) /usr/bin/cmake /home/louis/ros2_ws/src/tutorial_interfaces -DAMENT_CMAKE_SYMLINK_INSTALL=1 -DCMAKE_INSTALL_PREFIX=/home/louis/ros2_ws/install/tutorial_interfaces
[0.347s] -- Found ament_cmake: 1.3.10 (/opt/ros/humble/share/ament_cmake/cmake)
[0.347s] -- Override CMake install command with custom implementation using symlinks instead of copying resources
[0.347s] -- Found geometry_msgs: 4.2.4 (/opt/ros/humble/share/geometry_msgs/cmake)
[0.348s] -- Found rosidl_generator_c: 3.1.5 (/opt/ros/humble/share/rosidl_generator_c/cmake)
[0.348s] -- Found rosidl_adapter: 3.1.5 (/opt/ros/humble/share/rosidl_adapter/cmake)
[0.348s] -- Found rosidl_generator_cpp: 3.1.5 (/opt/ros/humble/share/rosidl_generator_cpp/cmake)
[0.348s] -- Using all available rosidl_typesupport_c: rosidl_typesupport_fastrtps_c;rosidl_typesupport_introspection_c
[0.348s] -- Using all available rosidl_typesupport_cpp: rosidl_typesupport_fastrtps_cpp;rosidl_typesupport_introspection_cpp
[0.348s] -- Found rosidl_default_generators: 1.2.0 (/opt/ros/humble/share/rosidl_default_generators/cmake)
[0.376s] -- Found ament_cmake_ros: 0.10.0 (/opt/ros/humble/share/ament_cmake_ros/cmake)
[0.643s] -- Using all available rosidl_typesupport_c: rosidl_typesupport_fastrtps_c;rosidl_typesupport_introspection_c
[0.749s] -- Using all available rosidl_typesupport_cpp: rosidl_typesupport_fastrtps_cpp;rosidl_typesupport_introspection_cpp
[0.764s] -- Found python_cmake_module: 0.10.0 (/opt/ros/humble/share/python_cmake_module/cmake)
[0.779s] -- Using PYTHON_EXECUTABLE: /home/louis/miniconda3/bin/python
[0.779s] -- Using PYTHON_INCLUDE_DIRS: /home/louis/miniconda3/include/python3.12
[0.779s] -- Using PYTHON_LIBRARIES: /home/louis/miniconda3/lib/libpython3.12.so
[0.913s] -- Using numpy include directory: /home/louis/miniconda3/lib/python3.12/site-packages/numpy/_core/include
[0.919s] -- Found ament_lint_auto: 0.12.11 (/opt/ros/humble/share/ament_lint_auto/cmake)
[0.927s] -- Added test 'lint_cmake' to check CMake code style
[0.927s] -- Added test 'xmllint' to check XML markup files
[0.929s] -- Configuring done
[0.956s] -- Generating done
[0.959s] -- Build files have been written to: /home/louis/ros2_ws/build/tutorial_interfaces
[0.964s] Invoked command in '/home/louis/ros2_ws/build/tutorial_interfaces' returned '0': CMAKE_PREFIX_PATH=/opt/ros/humble CONDA_PROMPT_MODIFIER=(base) /usr/bin/cmake /home/louis/ros2_ws/src/tutorial_interfaces -DAMENT_CMAKE_SYMLINK_INSTALL=1 -DCMAKE_INSTALL_PREFIX=/home/louis/ros2_ws/install/tutorial_interfaces
[0.965s] Invoking command in '/home/louis/ros2_ws/build/tutorial_interfaces': CMAKE_PREFIX_PATH=/opt/ros/humble CONDA_PROMPT_MODIFIER=(base) /usr/bin/cmake --build /home/louis/ros2_ws/build/tutorial_interfaces -- -j16 -l16
[0.993s] [35m[1mConsolidate compiler generated dependencies of target tutorial_interfaces__rosidl_generator_c[0m
[0.998s] failed to create symbolic link '/home/louis/ros2_ws/build/tutorial_interfaces/ament_cmake_python/tutorial_interfaces/tutorial_interfaces' because existing path cannot be removed: Is a directory
[0.999s] gmake[2]: *** [CMakeFiles/ament_cmake_python_symlink_tutorial_interfaces.dir/build.make:70: CMakeFiles/ament_cmake_python_symlink_tutorial_interfaces] Error 1
[0.999s] gmake[1]: *** [CMakeFiles/Makefile2:421: CMakeFiles/ament_cmake_python_symlink_tutorial_interfaces.dir/all] Error 2
[0.999s] gmake[1]: *** Waiting for unfinished jobs....
[0.999s] [  2%] Built target tutorial_interfaces__cpp
[1.000s] [ 12%] Built target tutorial_interfaces__rosidl_generator_c
[1.001s] gmake: *** [Makefile:146: all] Error 2
[1.003s] Invoked command in '/home/louis/ros2_ws/build/tutorial_interfaces' returned '2': CMAKE_PREFIX_PATH=/opt/ros/humble CONDA_PROMPT_MODIFIER=(base) /usr/bin/cmake --build /home/louis/ros2_ws/build/tutorial_interfaces -- -j16 -l16
