[0.022s] Invoking command in '/home/louis/ros2_ws/build/tutorial_interfaces': CMAKE_PREFIX_PATH=/opt/ros/humble CONDA_PROMPT_MODIFIER=(base) /usr/bin/cmake /home/louis/ros2_ws/src/tutorial_interfaces -DPYTHON_EXECUTABLE=/home/louis/miniconda3/bin/python -DCMAKE_INSTALL_PREFIX=/home/louis/ros2_ws/install/tutorial_interfaces
[0.365s] -- Found ament_cmake: 1.3.10 (/opt/ros/humble/share/ament_cmake/cmake)
[0.365s] -- Found geometry_msgs: 4.2.4 (/opt/ros/humble/share/geometry_msgs/cmake)
[0.365s] -- Found rosidl_generator_c: 3.1.5 (/opt/ros/humble/share/rosidl_generator_c/cmake)
[0.365s] -- Found rosidl_adapter: 3.1.5 (/opt/ros/humble/share/rosidl_adapter/cmake)
[0.365s] -- Found rosidl_generator_cpp: 3.1.5 (/opt/ros/humble/share/rosidl_generator_cpp/cmake)
[0.365s] -- Using all available rosidl_typesupport_c: rosidl_typesupport_fastrtps_c;rosidl_typesupport_introspection_c
[0.365s] -- Using all available rosidl_typesupport_cpp: rosidl_typesupport_fastrtps_cpp;rosidl_typesupport_introspection_cpp
[0.365s] -- Found rosidl_default_generators: 1.2.0 (/opt/ros/humble/share/rosidl_default_generators/cmake)
[0.570s] -- Found ament_cmake_ros: 0.10.0 (/opt/ros/humble/share/ament_cmake_ros/cmake)
[0.860s] -- Using all available rosidl_typesupport_c: rosidl_typesupport_fastrtps_c;rosidl_typesupport_introspection_c
[0.967s] -- Using all available rosidl_typesupport_cpp: rosidl_typesupport_fastrtps_cpp;rosidl_typesupport_introspection_cpp
[0.986s] -- Found PythonInterp: /home/louis/miniconda3/bin/python (found suitable version "3.12.4", minimum required is "3.6") 
[0.986s] -- Found python_cmake_module: 0.10.0 (/opt/ros/humble/share/python_cmake_module/cmake)
[1.005s] -- Using PYTHON_EXECUTABLE: /home/louis/miniconda3/bin/python
[1.005s] -- Using PYTHON_INCLUDE_DIRS: /home/louis/miniconda3/include/python3.12
[1.005s] -- Using PYTHON_LIBRARIES: /home/louis/miniconda3/lib/libpython3.12.so
[1.169s] -- Using numpy include directory: /home/louis/miniconda3/lib/python3.12/site-packages/numpy/_core/include
[1.174s] -- Found ament_lint_auto: 0.12.11 (/opt/ros/humble/share/ament_lint_auto/cmake)
[1.208s] -- Added test 'lint_cmake' to check CMake code style
[1.210s] -- Added test 'xmllint' to check XML markup files
[1.216s] -- Configuring done
[1.296s] -- Generating done
[1.298s] -- Build files have been written to: /home/louis/ros2_ws/build/tutorial_interfaces
[1.304s] Invoked command in '/home/louis/ros2_ws/build/tutorial_interfaces' returned '0': CMAKE_PREFIX_PATH=/opt/ros/humble CONDA_PROMPT_MODIFIER=(base) /usr/bin/cmake /home/louis/ros2_ws/src/tutorial_interfaces -DPYTHON_EXECUTABLE=/home/louis/miniconda3/bin/python -DCMAKE_INSTALL_PREFIX=/home/louis/ros2_ws/install/tutorial_interfaces
[1.305s] Invoking command in '/home/louis/ros2_ws/build/tutorial_interfaces': CMAKE_PREFIX_PATH=/opt/ros/humble CONDA_PROMPT_MODIFIER=(base) /usr/bin/cmake --build /home/louis/ros2_ws/build/tutorial_interfaces -- -j16 -l16
[1.337s] [35m[1mConsolidate compiler generated dependencies of target tutorial_interfaces__rosidl_generator_c[0m
[1.344s] [  2%] Built target tutorial_interfaces__cpp
[1.345s] [ 12%] Built target tutorial_interfaces__rosidl_generator_c
[1.352s] [35m[1mConsolidate compiler generated dependencies of target tutorial_interfaces__rosidl_typesupport_cpp[0m
[1.352s] [35m[1mConsolidate compiler generated dependencies of target tutorial_interfaces__rosidl_typesupport_introspection_cpp[0m
[1.353s] [35m[1mConsolidate compiler generated dependencies of target tutorial_interfaces__rosidl_typesupport_fastrtps_cpp[0m
[1.353s] [35m[1mConsolidate compiler generated dependencies of target tutorial_interfaces__rosidl_typesupport_c[0m
[1.353s] [35m[1mConsolidate compiler generated dependencies of target tutorial_interfaces__rosidl_typesupport_fastrtps_c[0m
[1.355s] [35m[1mConsolidate compiler generated dependencies of target tutorial_interfaces__rosidl_typesupport_introspection_c[0m
[1.358s] [ 12%] Built target ament_cmake_python_copy_tutorial_interfaces
[1.361s] [ 23%] Built target tutorial_interfaces__rosidl_typesupport_c
[1.361s] [ 34%] Built target tutorial_interfaces__rosidl_typesupport_cpp
[1.362s] [ 44%] Built target tutorial_interfaces__rosidl_typesupport_introspection_cpp
[1.362s] [ 55%] Built target tutorial_interfaces__rosidl_typesupport_fastrtps_cpp
[1.362s] [ 65%] Built target tutorial_interfaces__rosidl_typesupport_fastrtps_c
[1.363s] [ 76%] Built target tutorial_interfaces__rosidl_typesupport_introspection_c
[1.378s] [ 76%] Built target tutorial_interfaces
[1.392s] [ 78%] [34m[1mGenerating Python code for ROS interfaces[0m
[1.531s] running egg_info
[1.541s] writing tutorial_interfaces.egg-info/PKG-INFO
[1.542s] writing dependency_links to tutorial_interfaces.egg-info/dependency_links.txt
[1.542s] writing top-level names to tutorial_interfaces.egg-info/top_level.txt
[1.573s] reading manifest file 'tutorial_interfaces.egg-info/SOURCES.txt'
[1.574s] writing manifest file 'tutorial_interfaces.egg-info/SOURCES.txt'
[1.591s] [ 78%] Built target ament_cmake_python_build_tutorial_interfaces_egg
[1.661s] [ 78%] Built target tutorial_interfaces__py
[1.670s] [35m[1mConsolidate compiler generated dependencies of target tutorial_interfaces__rosidl_generator_py[0m
[1.680s] [ 80%] [32mBuilding C object CMakeFiles/tutorial_interfaces__rosidl_generator_py.dir/rosidl_generator_py/tutorial_interfaces/msg/_num_s.c.o[0m
[1.680s] [ 82%] [32mBuilding C object CMakeFiles/tutorial_interfaces__rosidl_generator_py.dir/rosidl_generator_py/tutorial_interfaces/msg/_sphere_s.c.o[0m
[1.680s] [ 85%] [32mBuilding C object CMakeFiles/tutorial_interfaces__rosidl_generator_py.dir/rosidl_generator_py/tutorial_interfaces/srv/_add_three_ints_s.c.o[0m
[1.855s] [ 87%] [32m[1mLinking C shared library rosidl_generator_py/tutorial_interfaces/libtutorial_interfaces__rosidl_generator_py.so[0m
[1.911s] [ 87%] Built target tutorial_interfaces__rosidl_generator_py
[1.918s] [35m[1mConsolidate compiler generated dependencies of target tutorial_interfaces__rosidl_typesupport_introspection_c__pyext[0m
[1.918s] [35m[1mConsolidate compiler generated dependencies of target tutorial_interfaces__rosidl_typesupport_fastrtps_c__pyext[0m
[1.919s] [35m[1mConsolidate compiler generated dependencies of target tutorial_interfaces__rosidl_typesupport_c__pyext[0m
[1.927s] [ 93%] [32mBuilding C object CMakeFiles/tutorial_interfaces__rosidl_typesupport_c__pyext.dir/rosidl_generator_py/tutorial_interfaces/_tutorial_interfaces_s.ep.rosidl_typesupport_c.c.o[0m
[1.927s] [ 93%] [32mBuilding C object CMakeFiles/tutorial_interfaces__rosidl_typesupport_introspection_c__pyext.dir/rosidl_generator_py/tutorial_interfaces/_tutorial_interfaces_s.ep.rosidl_typesupport_introspection_c.c.o[0m
[1.927s] [ 93%] [32mBuilding C object CMakeFiles/tutorial_interfaces__rosidl_typesupport_fastrtps_c__pyext.dir/rosidl_generator_py/tutorial_interfaces/_tutorial_interfaces_s.ep.rosidl_typesupport_fastrtps_c.c.o[0m
[2.014s] [ 97%] [32m[1mLinking C shared library rosidl_generator_py/tutorial_interfaces/tutorial_interfaces_s__rosidl_typesupport_introspection_c.cpython-312-x86_64-linux-gnu.so[0m
[2.014s] [ 97%] [32m[1mLinking C shared library rosidl_generator_py/tutorial_interfaces/tutorial_interfaces_s__rosidl_typesupport_fastrtps_c.cpython-312-x86_64-linux-gnu.so[0m
[2.014s] [100%] [32m[1mLinking C shared library rosidl_generator_py/tutorial_interfaces/tutorial_interfaces_s__rosidl_typesupport_c.cpython-312-x86_64-linux-gnu.so[0m
[2.059s] [100%] Built target tutorial_interfaces__rosidl_typesupport_fastrtps_c__pyext
[2.059s] [100%] Built target tutorial_interfaces__rosidl_typesupport_introspection_c__pyext
[2.059s] [100%] Built target tutorial_interfaces__rosidl_typesupport_c__pyext
[2.067s] Invoked command in '/home/louis/ros2_ws/build/tutorial_interfaces' returned '0': CMAKE_PREFIX_PATH=/opt/ros/humble CONDA_PROMPT_MODIFIER=(base) /usr/bin/cmake --build /home/louis/ros2_ws/build/tutorial_interfaces -- -j16 -l16
[2.143s] Invoking command in '/home/louis/ros2_ws/build/tutorial_interfaces': CMAKE_PREFIX_PATH=/opt/ros/humble CONDA_PROMPT_MODIFIER=(base) /usr/bin/cmake --install /home/louis/ros2_ws/build/tutorial_interfaces
[2.148s] -- Install configuration: ""
[2.148s] -- Up-to-date: /home/louis/ros2_ws/install/tutorial_interfaces/share/ament_index/resource_index/rosidl_interfaces/tutorial_interfaces
[2.148s] -- Up-to-date: /home/louis/ros2_ws/install/tutorial_interfaces/include/tutorial_interfaces/tutorial_interfaces
[2.149s] -- Up-to-date: /home/louis/ros2_ws/install/tutorial_interfaces/include/tutorial_interfaces/tutorial_interfaces/srv
[2.149s] -- Up-to-date: /home/louis/ros2_ws/install/tutorial_interfaces/include/tutorial_interfaces/tutorial_interfaces/srv/add_three_ints.h
[2.149s] -- Up-to-date: /home/louis/ros2_ws/install/tutorial_interfaces/include/tutorial_interfaces/tutorial_interfaces/srv/detail
[2.149s] -- Up-to-date: /home/louis/ros2_ws/install/tutorial_interfaces/include/tutorial_interfaces/tutorial_interfaces/srv/detail/add_three_ints__type_support.h
[2.149s] -- Up-to-date: /home/louis/ros2_ws/install/tutorial_interfaces/include/tutorial_interfaces/tutorial_interfaces/srv/detail/add_three_ints__functions.h
[2.149s] -- Up-to-date: /home/louis/ros2_ws/install/tutorial_interfaces/include/tutorial_interfaces/tutorial_interfaces/srv/detail/add_three_ints__struct.h
[2.149s] -- Up-to-date: /home/louis/ros2_ws/install/tutorial_interfaces/include/tutorial_interfaces/tutorial_interfaces/srv/detail/add_three_ints__functions.c
[2.149s] -- Up-to-date: /home/louis/ros2_ws/install/tutorial_interfaces/include/tutorial_interfaces/tutorial_interfaces/msg
[2.149s] -- Up-to-date: /home/louis/ros2_ws/install/tutorial_interfaces/include/tutorial_interfaces/tutorial_interfaces/msg/sphere.h
[2.149s] -- Up-to-date: /home/louis/ros2_ws/install/tutorial_interfaces/include/tutorial_interfaces/tutorial_interfaces/msg/rosidl_generator_c__visibility_control.h
[2.149s] -- Up-to-date: /home/louis/ros2_ws/install/tutorial_interfaces/include/tutorial_interfaces/tutorial_interfaces/msg/detail
[2.149s] -- Up-to-date: /home/louis/ros2_ws/install/tutorial_interfaces/include/tutorial_interfaces/tutorial_interfaces/msg/detail/num__type_support.h
[2.149s] -- Up-to-date: /home/louis/ros2_ws/install/tutorial_interfaces/include/tutorial_interfaces/tutorial_interfaces/msg/detail/sphere__struct.h
[2.149s] -- Up-to-date: /home/louis/ros2_ws/install/tutorial_interfaces/include/tutorial_interfaces/tutorial_interfaces/msg/detail/num__functions.c
[2.149s] -- Up-to-date: /home/louis/ros2_ws/install/tutorial_interfaces/include/tutorial_interfaces/tutorial_interfaces/msg/detail/num__struct.h
[2.149s] -- Up-to-date: /home/louis/ros2_ws/install/tutorial_interfaces/include/tutorial_interfaces/tutorial_interfaces/msg/detail/sphere__functions.h
[2.149s] -- Up-to-date: /home/louis/ros2_ws/install/tutorial_interfaces/include/tutorial_interfaces/tutorial_interfaces/msg/detail/sphere__type_support.h
[2.150s] -- Up-to-date: /home/louis/ros2_ws/install/tutorial_interfaces/include/tutorial_interfaces/tutorial_interfaces/msg/detail/num__functions.h
[2.150s] -- Up-to-date: /home/louis/ros2_ws/install/tutorial_interfaces/include/tutorial_interfaces/tutorial_interfaces/msg/detail/sphere__functions.c
[2.150s] -- Up-to-date: /home/louis/ros2_ws/install/tutorial_interfaces/include/tutorial_interfaces/tutorial_interfaces/msg/num.h
[2.150s] -- Up-to-date: /home/louis/ros2_ws/install/tutorial_interfaces/share/tutorial_interfaces/environment/library_path.sh
[2.150s] -- Installing: /home/louis/ros2_ws/install/tutorial_interfaces/share/tutorial_interfaces/environment/library_path.dsv
[2.150s] -- Up-to-date: /home/louis/ros2_ws/install/tutorial_interfaces/lib/libtutorial_interfaces__rosidl_generator_c.so
[2.150s] -- Up-to-date: /home/louis/ros2_ws/install/tutorial_interfaces/include/tutorial_interfaces/tutorial_interfaces
[2.150s] -- Up-to-date: /home/louis/ros2_ws/install/tutorial_interfaces/include/tutorial_interfaces/tutorial_interfaces/srv
[2.150s] -- Up-to-date: /home/louis/ros2_ws/install/tutorial_interfaces/include/tutorial_interfaces/tutorial_interfaces/srv/detail
[2.150s] -- Up-to-date: /home/louis/ros2_ws/install/tutorial_interfaces/include/tutorial_interfaces/tutorial_interfaces/srv/detail/add_three_ints__rosidl_typesupport_fastrtps_c.h
[2.150s] -- Up-to-date: /home/louis/ros2_ws/install/tutorial_interfaces/include/tutorial_interfaces/tutorial_interfaces/msg
[2.150s] -- Up-to-date: /home/louis/ros2_ws/install/tutorial_interfaces/include/tutorial_interfaces/tutorial_interfaces/msg/rosidl_typesupport_fastrtps_c__visibility_control.h
[2.150s] -- Up-to-date: /home/louis/ros2_ws/install/tutorial_interfaces/include/tutorial_interfaces/tutorial_interfaces/msg/detail
[2.150s] -- Up-to-date: /home/louis/ros2_ws/install/tutorial_interfaces/include/tutorial_interfaces/tutorial_interfaces/msg/detail/sphere__rosidl_typesupport_fastrtps_c.h
[2.150s] -- Up-to-date: /home/louis/ros2_ws/install/tutorial_interfaces/include/tutorial_interfaces/tutorial_interfaces/msg/detail/num__rosidl_typesupport_fastrtps_c.h
[2.150s] -- Up-to-date: /home/louis/ros2_ws/install/tutorial_interfaces/lib/libtutorial_interfaces__rosidl_typesupport_fastrtps_c.so
[2.150s] -- Up-to-date: /home/louis/ros2_ws/install/tutorial_interfaces/include/tutorial_interfaces/tutorial_interfaces
[2.150s] -- Up-to-date: /home/louis/ros2_ws/install/tutorial_interfaces/include/tutorial_interfaces/tutorial_interfaces/srv
[2.150s] -- Up-to-date: /home/louis/ros2_ws/install/tutorial_interfaces/include/tutorial_interfaces/tutorial_interfaces/srv/detail
[2.150s] -- Up-to-date: /home/louis/ros2_ws/install/tutorial_interfaces/include/tutorial_interfaces/tutorial_interfaces/srv/detail/add_three_ints__traits.hpp
[2.151s] -- Up-to-date: /home/louis/ros2_ws/install/tutorial_interfaces/include/tutorial_interfaces/tutorial_interfaces/srv/detail/add_three_ints__builder.hpp
[2.151s] -- Up-to-date: /home/louis/ros2_ws/install/tutorial_interfaces/include/tutorial_interfaces/tutorial_interfaces/srv/detail/add_three_ints__struct.hpp
[2.151s] -- Up-to-date: /home/louis/ros2_ws/install/tutorial_interfaces/include/tutorial_interfaces/tutorial_interfaces/srv/add_three_ints.hpp
[2.151s] -- Up-to-date: /home/louis/ros2_ws/install/tutorial_interfaces/include/tutorial_interfaces/tutorial_interfaces/msg
[2.151s] -- Up-to-date: /home/louis/ros2_ws/install/tutorial_interfaces/include/tutorial_interfaces/tutorial_interfaces/msg/sphere.hpp
[2.151s] -- Up-to-date: /home/louis/ros2_ws/install/tutorial_interfaces/include/tutorial_interfaces/tutorial_interfaces/msg/detail
[2.151s] -- Up-to-date: /home/louis/ros2_ws/install/tutorial_interfaces/include/tutorial_interfaces/tutorial_interfaces/msg/detail/sphere__traits.hpp
[2.151s] -- Up-to-date: /home/louis/ros2_ws/install/tutorial_interfaces/include/tutorial_interfaces/tutorial_interfaces/msg/detail/num__traits.hpp
[2.151s] -- Up-to-date: /home/louis/ros2_ws/install/tutorial_interfaces/include/tutorial_interfaces/tutorial_interfaces/msg/detail/num__builder.hpp
[2.151s] -- Up-to-date: /home/louis/ros2_ws/install/tutorial_interfaces/include/tutorial_interfaces/tutorial_interfaces/msg/detail/sphere__builder.hpp
[2.151s] -- Up-to-date: /home/louis/ros2_ws/install/tutorial_interfaces/include/tutorial_interfaces/tutorial_interfaces/msg/detail/sphere__struct.hpp
[2.151s] -- Up-to-date: /home/louis/ros2_ws/install/tutorial_interfaces/include/tutorial_interfaces/tutorial_interfaces/msg/detail/num__struct.hpp
[2.151s] -- Up-to-date: /home/louis/ros2_ws/install/tutorial_interfaces/include/tutorial_interfaces/tutorial_interfaces/msg/num.hpp
[2.151s] -- Up-to-date: /home/louis/ros2_ws/install/tutorial_interfaces/include/tutorial_interfaces/tutorial_interfaces
[2.151s] -- Up-to-date: /home/louis/ros2_ws/install/tutorial_interfaces/include/tutorial_interfaces/tutorial_interfaces/srv
[2.151s] -- Up-to-date: /home/louis/ros2_ws/install/tutorial_interfaces/include/tutorial_interfaces/tutorial_interfaces/srv/detail
[2.151s] -- Up-to-date: /home/louis/ros2_ws/install/tutorial_interfaces/include/tutorial_interfaces/tutorial_interfaces/srv/detail/dds_fastrtps
[2.151s] -- Up-to-date: /home/louis/ros2_ws/install/tutorial_interfaces/include/tutorial_interfaces/tutorial_interfaces/srv/detail/add_three_ints__rosidl_typesupport_fastrtps_cpp.hpp
[2.151s] -- Up-to-date: /home/louis/ros2_ws/install/tutorial_interfaces/include/tutorial_interfaces/tutorial_interfaces/msg
[2.151s] -- Up-to-date: /home/louis/ros2_ws/install/tutorial_interfaces/include/tutorial_interfaces/tutorial_interfaces/msg/rosidl_typesupport_fastrtps_cpp__visibility_control.h
[2.151s] -- Up-to-date: /home/louis/ros2_ws/install/tutorial_interfaces/include/tutorial_interfaces/tutorial_interfaces/msg/detail
[2.151s] -- Up-to-date: /home/louis/ros2_ws/install/tutorial_interfaces/include/tutorial_interfaces/tutorial_interfaces/msg/detail/sphere__rosidl_typesupport_fastrtps_cpp.hpp
[2.151s] -- Up-to-date: /home/louis/ros2_ws/install/tutorial_interfaces/include/tutorial_interfaces/tutorial_interfaces/msg/detail/dds_fastrtps
[2.151s] -- Up-to-date: /home/louis/ros2_ws/install/tutorial_interfaces/include/tutorial_interfaces/tutorial_interfaces/msg/detail/num__rosidl_typesupport_fastrtps_cpp.hpp
[2.153s] -- Up-to-date: /home/louis/ros2_ws/install/tutorial_interfaces/lib/libtutorial_interfaces__rosidl_typesupport_fastrtps_cpp.so
[2.153s] -- Up-to-date: /home/louis/ros2_ws/install/tutorial_interfaces/include/tutorial_interfaces/tutorial_interfaces
[2.153s] -- Up-to-date: /home/louis/ros2_ws/install/tutorial_interfaces/include/tutorial_interfaces/tutorial_interfaces/srv
[2.153s] -- Up-to-date: /home/louis/ros2_ws/install/tutorial_interfaces/include/tutorial_interfaces/tutorial_interfaces/srv/detail
[2.153s] -- Up-to-date: /home/louis/ros2_ws/install/tutorial_interfaces/include/tutorial_interfaces/tutorial_interfaces/srv/detail/add_three_ints__type_support.c
[2.154s] -- Up-to-date: /home/louis/ros2_ws/install/tutorial_interfaces/include/tutorial_interfaces/tutorial_interfaces/srv/detail/add_three_ints__rosidl_typesupport_introspection_c.h
[2.154s] -- Up-to-date: /home/louis/ros2_ws/install/tutorial_interfaces/include/tutorial_interfaces/tutorial_interfaces/msg
[2.154s] -- Up-to-date: /home/louis/ros2_ws/install/tutorial_interfaces/include/tutorial_interfaces/tutorial_interfaces/msg/detail
[2.154s] -- Up-to-date: /home/louis/ros2_ws/install/tutorial_interfaces/include/tutorial_interfaces/tutorial_interfaces/msg/detail/num__type_support.c
[2.154s] -- Up-to-date: /home/louis/ros2_ws/install/tutorial_interfaces/include/tutorial_interfaces/tutorial_interfaces/msg/detail/sphere__rosidl_typesupport_introspection_c.h
[2.154s] -- Up-to-date: /home/louis/ros2_ws/install/tutorial_interfaces/include/tutorial_interfaces/tutorial_interfaces/msg/detail/sphere__type_support.c
[2.154s] -- Up-to-date: /home/louis/ros2_ws/install/tutorial_interfaces/include/tutorial_interfaces/tutorial_interfaces/msg/detail/num__rosidl_typesupport_introspection_c.h
[2.154s] -- Up-to-date: /home/louis/ros2_ws/install/tutorial_interfaces/include/tutorial_interfaces/tutorial_interfaces/msg/rosidl_typesupport_introspection_c__visibility_control.h
[2.154s] -- Up-to-date: /home/louis/ros2_ws/install/tutorial_interfaces/lib/libtutorial_interfaces__rosidl_typesupport_introspection_c.so
[2.154s] -- Up-to-date: /home/louis/ros2_ws/install/tutorial_interfaces/lib/libtutorial_interfaces__rosidl_typesupport_c.so
[2.154s] -- Up-to-date: /home/louis/ros2_ws/install/tutorial_interfaces/include/tutorial_interfaces/tutorial_interfaces
[2.154s] -- Up-to-date: /home/louis/ros2_ws/install/tutorial_interfaces/include/tutorial_interfaces/tutorial_interfaces/srv
[2.155s] -- Up-to-date: /home/louis/ros2_ws/install/tutorial_interfaces/include/tutorial_interfaces/tutorial_interfaces/srv/detail
[2.155s] -- Up-to-date: /home/louis/ros2_ws/install/tutorial_interfaces/include/tutorial_interfaces/tutorial_interfaces/srv/detail/add_three_ints__rosidl_typesupport_introspection_cpp.hpp
[2.155s] -- Up-to-date: /home/louis/ros2_ws/install/tutorial_interfaces/include/tutorial_interfaces/tutorial_interfaces/srv/detail/add_three_ints__type_support.cpp
[2.155s] -- Up-to-date: /home/louis/ros2_ws/install/tutorial_interfaces/include/tutorial_interfaces/tutorial_interfaces/msg
[2.155s] -- Up-to-date: /home/louis/ros2_ws/install/tutorial_interfaces/include/tutorial_interfaces/tutorial_interfaces/msg/detail
[2.155s] -- Up-to-date: /home/louis/ros2_ws/install/tutorial_interfaces/include/tutorial_interfaces/tutorial_interfaces/msg/detail/num__type_support.cpp
[2.155s] -- Up-to-date: /home/louis/ros2_ws/install/tutorial_interfaces/include/tutorial_interfaces/tutorial_interfaces/msg/detail/num__rosidl_typesupport_introspection_cpp.hpp
[2.155s] -- Up-to-date: /home/louis/ros2_ws/install/tutorial_interfaces/include/tutorial_interfaces/tutorial_interfaces/msg/detail/sphere__rosidl_typesupport_introspection_cpp.hpp
[2.155s] -- Up-to-date: /home/louis/ros2_ws/install/tutorial_interfaces/include/tutorial_interfaces/tutorial_interfaces/msg/detail/sphere__type_support.cpp
[2.156s] -- Up-to-date: /home/louis/ros2_ws/install/tutorial_interfaces/lib/libtutorial_interfaces__rosidl_typesupport_introspection_cpp.so
[2.156s] -- Up-to-date: /home/louis/ros2_ws/install/tutorial_interfaces/lib/libtutorial_interfaces__rosidl_typesupport_cpp.so
[2.157s] -- Up-to-date: /home/louis/ros2_ws/install/tutorial_interfaces/share/tutorial_interfaces/environment/pythonpath.sh
[2.157s] -- Installing: /home/louis/ros2_ws/install/tutorial_interfaces/share/tutorial_interfaces/environment/pythonpath.dsv
[2.157s] -- Up-to-date: /home/louis/ros2_ws/install/tutorial_interfaces/lib/python3.12/site-packages/tutorial_interfaces-0.0.0-py3.12.egg-info
[2.157s] -- Installing: /home/louis/ros2_ws/install/tutorial_interfaces/lib/python3.12/site-packages/tutorial_interfaces-0.0.0-py3.12.egg-info/dependency_links.txt
[2.157s] -- Installing: /home/louis/ros2_ws/install/tutorial_interfaces/lib/python3.12/site-packages/tutorial_interfaces-0.0.0-py3.12.egg-info/SOURCES.txt
[2.157s] -- Installing: /home/louis/ros2_ws/install/tutorial_interfaces/lib/python3.12/site-packages/tutorial_interfaces-0.0.0-py3.12.egg-info/PKG-INFO
[2.157s] -- Installing: /home/louis/ros2_ws/install/tutorial_interfaces/lib/python3.12/site-packages/tutorial_interfaces-0.0.0-py3.12.egg-info/top_level.txt
[2.157s] -- Up-to-date: /home/louis/ros2_ws/install/tutorial_interfaces/lib/python3.12/site-packages/tutorial_interfaces
[2.157s] -- Installing: /home/louis/ros2_ws/install/tutorial_interfaces/lib/python3.12/site-packages/tutorial_interfaces/tutorial_interfaces_s__rosidl_typesupport_fastrtps_c.cpython-312-x86_64-linux-gnu.so
[2.157s] -- Installing: /home/louis/ros2_ws/install/tutorial_interfaces/lib/python3.12/site-packages/tutorial_interfaces/__init__.py
[2.158s] -- Up-to-date: /home/louis/ros2_ws/install/tutorial_interfaces/lib/python3.12/site-packages/tutorial_interfaces/srv
[2.158s] -- Installing: /home/louis/ros2_ws/install/tutorial_interfaces/lib/python3.12/site-packages/tutorial_interfaces/srv/_add_three_ints.py
[2.158s] -- Installing: /home/louis/ros2_ws/install/tutorial_interfaces/lib/python3.12/site-packages/tutorial_interfaces/srv/__init__.py
[2.158s] -- Installing: /home/louis/ros2_ws/install/tutorial_interfaces/lib/python3.12/site-packages/tutorial_interfaces/srv/_add_three_ints_s.c
[2.158s] -- Installing: /home/louis/ros2_ws/install/tutorial_interfaces/lib/python3.12/site-packages/tutorial_interfaces/_tutorial_interfaces_s.ep.rosidl_typesupport_introspection_c.c
[2.158s] -- Up-to-date: /home/louis/ros2_ws/install/tutorial_interfaces/lib/python3.12/site-packages/tutorial_interfaces/msg
[2.158s] -- Installing: /home/louis/ros2_ws/install/tutorial_interfaces/lib/python3.12/site-packages/tutorial_interfaces/msg/_sphere_s.c
[2.158s] -- Installing: /home/louis/ros2_ws/install/tutorial_interfaces/lib/python3.12/site-packages/tutorial_interfaces/msg/_num_s.c
[2.158s] -- Installing: /home/louis/ros2_ws/install/tutorial_interfaces/lib/python3.12/site-packages/tutorial_interfaces/msg/_num.py
[2.159s] -- Installing: /home/louis/ros2_ws/install/tutorial_interfaces/lib/python3.12/site-packages/tutorial_interfaces/msg/__init__.py
[2.159s] -- Installing: /home/louis/ros2_ws/install/tutorial_interfaces/lib/python3.12/site-packages/tutorial_interfaces/msg/_sphere.py
[2.159s] -- Installing: /home/louis/ros2_ws/install/tutorial_interfaces/lib/python3.12/site-packages/tutorial_interfaces/tutorial_interfaces_s__rosidl_typesupport_c.cpython-312-x86_64-linux-gnu.so
[2.159s] -- Installing: /home/louis/ros2_ws/install/tutorial_interfaces/lib/python3.12/site-packages/tutorial_interfaces/libtutorial_interfaces__rosidl_generator_py.so
[2.159s] -- Installing: /home/louis/ros2_ws/install/tutorial_interfaces/lib/python3.12/site-packages/tutorial_interfaces/tutorial_interfaces_s__rosidl_typesupport_introspection_c.cpython-312-x86_64-linux-gnu.so
[2.159s] -- Installing: /home/louis/ros2_ws/install/tutorial_interfaces/lib/python3.12/site-packages/tutorial_interfaces/_tutorial_interfaces_s.ep.rosidl_typesupport_fastrtps_c.c
[2.159s] -- Installing: /home/louis/ros2_ws/install/tutorial_interfaces/lib/python3.12/site-packages/tutorial_interfaces/_tutorial_interfaces_s.ep.rosidl_typesupport_c.c
[2.191s] Listing '/home/louis/ros2_ws/install/tutorial_interfaces/lib/python3.12/site-packages/tutorial_interfaces'...
[2.191s] Compiling '/home/louis/ros2_ws/install/tutorial_interfaces/lib/python3.12/site-packages/tutorial_interfaces/__init__.py'...
[2.191s] Listing '/home/louis/ros2_ws/install/tutorial_interfaces/lib/python3.12/site-packages/tutorial_interfaces/msg'...
[2.191s] Compiling '/home/louis/ros2_ws/install/tutorial_interfaces/lib/python3.12/site-packages/tutorial_interfaces/msg/__init__.py'...
[2.191s] Compiling '/home/louis/ros2_ws/install/tutorial_interfaces/lib/python3.12/site-packages/tutorial_interfaces/msg/_num.py'...
[2.191s] Compiling '/home/louis/ros2_ws/install/tutorial_interfaces/lib/python3.12/site-packages/tutorial_interfaces/msg/_sphere.py'...
[2.191s] Listing '/home/louis/ros2_ws/install/tutorial_interfaces/lib/python3.12/site-packages/tutorial_interfaces/srv'...
[2.191s] Compiling '/home/louis/ros2_ws/install/tutorial_interfaces/lib/python3.12/site-packages/tutorial_interfaces/srv/__init__.py'...
[2.191s] Compiling '/home/louis/ros2_ws/install/tutorial_interfaces/lib/python3.12/site-packages/tutorial_interfaces/srv/_add_three_ints.py'...
[2.194s] -- Installing: /home/louis/ros2_ws/install/tutorial_interfaces/lib/python3.12/site-packages/tutorial_interfaces/tutorial_interfaces_s__rosidl_typesupport_fastrtps_c.cpython-312-x86_64-linux-gnu.so
[2.194s] -- Set runtime path of "/home/louis/ros2_ws/install/tutorial_interfaces/lib/python3.12/site-packages/tutorial_interfaces/tutorial_interfaces_s__rosidl_typesupport_fastrtps_c.cpython-312-x86_64-linux-gnu.so" to ""
[2.194s] -- Installing: /home/louis/ros2_ws/install/tutorial_interfaces/lib/python3.12/site-packages/tutorial_interfaces/tutorial_interfaces_s__rosidl_typesupport_introspection_c.cpython-312-x86_64-linux-gnu.so
[2.195s] -- Set runtime path of "/home/louis/ros2_ws/install/tutorial_interfaces/lib/python3.12/site-packages/tutorial_interfaces/tutorial_interfaces_s__rosidl_typesupport_introspection_c.cpython-312-x86_64-linux-gnu.so" to ""
[2.195s] -- Installing: /home/louis/ros2_ws/install/tutorial_interfaces/lib/python3.12/site-packages/tutorial_interfaces/tutorial_interfaces_s__rosidl_typesupport_c.cpython-312-x86_64-linux-gnu.so
[2.195s] -- Set runtime path of "/home/louis/ros2_ws/install/tutorial_interfaces/lib/python3.12/site-packages/tutorial_interfaces/tutorial_interfaces_s__rosidl_typesupport_c.cpython-312-x86_64-linux-gnu.so" to ""
[2.198s] -- Installing: /home/louis/ros2_ws/install/tutorial_interfaces/lib/libtutorial_interfaces__rosidl_generator_py.so
[2.198s] -- Set runtime path of "/home/louis/ros2_ws/install/tutorial_interfaces/lib/libtutorial_interfaces__rosidl_generator_py.so" to ""
[2.199s] -- Up-to-date: /home/louis/ros2_ws/install/tutorial_interfaces/share/tutorial_interfaces/msg/Num.idl
[2.199s] -- Up-to-date: /home/louis/ros2_ws/install/tutorial_interfaces/share/tutorial_interfaces/msg/Sphere.idl
[2.199s] -- Up-to-date: /home/louis/ros2_ws/install/tutorial_interfaces/share/tutorial_interfaces/srv/AddThreeInts.idl
[2.199s] -- Up-to-date: /home/louis/ros2_ws/install/tutorial_interfaces/share/tutorial_interfaces/msg/Num.msg
[2.199s] -- Up-to-date: /home/louis/ros2_ws/install/tutorial_interfaces/share/tutorial_interfaces/msg/Sphere.msg
[2.199s] -- Up-to-date: /home/louis/ros2_ws/install/tutorial_interfaces/share/tutorial_interfaces/srv/AddThreeInts.srv
[2.199s] -- Up-to-date: /home/louis/ros2_ws/install/tutorial_interfaces/share/tutorial_interfaces/srv/AddThreeInts_Request.msg
[2.199s] -- Up-to-date: /home/louis/ros2_ws/install/tutorial_interfaces/share/tutorial_interfaces/srv/AddThreeInts_Response.msg
[2.199s] -- Up-to-date: /home/louis/ros2_ws/install/tutorial_interfaces/share/ament_index/resource_index/package_run_dependencies/tutorial_interfaces
[2.199s] -- Installing: /home/louis/ros2_ws/install/tutorial_interfaces/share/ament_index/resource_index/parent_prefix_path/tutorial_interfaces
[2.199s] -- Up-to-date: /home/louis/ros2_ws/install/tutorial_interfaces/share/tutorial_interfaces/environment/ament_prefix_path.sh
[2.199s] -- Installing: /home/louis/ros2_ws/install/tutorial_interfaces/share/tutorial_interfaces/environment/ament_prefix_path.dsv
[2.199s] -- Up-to-date: /home/louis/ros2_ws/install/tutorial_interfaces/share/tutorial_interfaces/environment/path.sh
[2.200s] -- Installing: /home/louis/ros2_ws/install/tutorial_interfaces/share/tutorial_interfaces/environment/path.dsv
[2.200s] -- Up-to-date: /home/louis/ros2_ws/install/tutorial_interfaces/share/tutorial_interfaces/local_setup.bash
[2.200s] -- Up-to-date: /home/louis/ros2_ws/install/tutorial_interfaces/share/tutorial_interfaces/local_setup.sh
[2.200s] -- Up-to-date: /home/louis/ros2_ws/install/tutorial_interfaces/share/tutorial_interfaces/local_setup.zsh
[2.200s] -- Installing: /home/louis/ros2_ws/install/tutorial_interfaces/share/tutorial_interfaces/local_setup.dsv
[2.200s] -- Installing: /home/louis/ros2_ws/install/tutorial_interfaces/share/tutorial_interfaces/package.dsv
[2.200s] -- Up-to-date: /home/louis/ros2_ws/install/tutorial_interfaces/share/ament_index/resource_index/packages/tutorial_interfaces
[2.200s] -- Up-to-date: /home/louis/ros2_ws/install/tutorial_interfaces/share/tutorial_interfaces/cmake/export_tutorial_interfaces__rosidl_generator_cExport.cmake
[2.200s] -- Up-to-date: /home/louis/ros2_ws/install/tutorial_interfaces/share/tutorial_interfaces/cmake/export_tutorial_interfaces__rosidl_generator_cExport-noconfig.cmake
[2.201s] -- Up-to-date: /home/louis/ros2_ws/install/tutorial_interfaces/share/tutorial_interfaces/cmake/export_tutorial_interfaces__rosidl_typesupport_fastrtps_cExport.cmake
[2.201s] -- Up-to-date: /home/louis/ros2_ws/install/tutorial_interfaces/share/tutorial_interfaces/cmake/export_tutorial_interfaces__rosidl_typesupport_fastrtps_cExport-noconfig.cmake
[2.201s] -- Up-to-date: /home/louis/ros2_ws/install/tutorial_interfaces/share/tutorial_interfaces/cmake/export_tutorial_interfaces__rosidl_generator_cppExport.cmake
[2.202s] -- Up-to-date: /home/louis/ros2_ws/install/tutorial_interfaces/share/tutorial_interfaces/cmake/export_tutorial_interfaces__rosidl_typesupport_fastrtps_cppExport.cmake
[2.202s] -- Up-to-date: /home/louis/ros2_ws/install/tutorial_interfaces/share/tutorial_interfaces/cmake/export_tutorial_interfaces__rosidl_typesupport_fastrtps_cppExport-noconfig.cmake
[2.202s] -- Up-to-date: /home/louis/ros2_ws/install/tutorial_interfaces/share/tutorial_interfaces/cmake/tutorial_interfaces__rosidl_typesupport_introspection_cExport.cmake
[2.202s] -- Up-to-date: /home/louis/ros2_ws/install/tutorial_interfaces/share/tutorial_interfaces/cmake/tutorial_interfaces__rosidl_typesupport_introspection_cExport-noconfig.cmake
[2.202s] -- Up-to-date: /home/louis/ros2_ws/install/tutorial_interfaces/share/tutorial_interfaces/cmake/tutorial_interfaces__rosidl_typesupport_cExport.cmake
[2.202s] -- Up-to-date: /home/louis/ros2_ws/install/tutorial_interfaces/share/tutorial_interfaces/cmake/tutorial_interfaces__rosidl_typesupport_cExport-noconfig.cmake
[2.202s] -- Up-to-date: /home/louis/ros2_ws/install/tutorial_interfaces/share/tutorial_interfaces/cmake/tutorial_interfaces__rosidl_typesupport_introspection_cppExport.cmake
[2.202s] -- Up-to-date: /home/louis/ros2_ws/install/tutorial_interfaces/share/tutorial_interfaces/cmake/tutorial_interfaces__rosidl_typesupport_introspection_cppExport-noconfig.cmake
[2.205s] -- Up-to-date: /home/louis/ros2_ws/install/tutorial_interfaces/share/tutorial_interfaces/cmake/tutorial_interfaces__rosidl_typesupport_cppExport.cmake
[2.205s] -- Up-to-date: /home/louis/ros2_ws/install/tutorial_interfaces/share/tutorial_interfaces/cmake/tutorial_interfaces__rosidl_typesupport_cppExport-noconfig.cmake
[2.205s] -- Up-to-date: /home/louis/ros2_ws/install/tutorial_interfaces/share/tutorial_interfaces/cmake/export_tutorial_interfaces__rosidl_generator_pyExport.cmake
[2.205s] -- Up-to-date: /home/louis/ros2_ws/install/tutorial_interfaces/share/tutorial_interfaces/cmake/export_tutorial_interfaces__rosidl_generator_pyExport-noconfig.cmake
[2.206s] -- Up-to-date: /home/louis/ros2_ws/install/tutorial_interfaces/share/tutorial_interfaces/cmake/rosidl_cmake-extras.cmake
[2.206s] -- Up-to-date: /home/louis/ros2_ws/install/tutorial_interfaces/share/tutorial_interfaces/cmake/ament_cmake_export_dependencies-extras.cmake
[2.206s] -- Up-to-date: /home/louis/ros2_ws/install/tutorial_interfaces/share/tutorial_interfaces/cmake/ament_cmake_export_include_directories-extras.cmake
[2.206s] -- Up-to-date: /home/louis/ros2_ws/install/tutorial_interfaces/share/tutorial_interfaces/cmake/ament_cmake_export_libraries-extras.cmake
[2.206s] -- Up-to-date: /home/louis/ros2_ws/install/tutorial_interfaces/share/tutorial_interfaces/cmake/ament_cmake_export_targets-extras.cmake
[2.206s] -- Up-to-date: /home/louis/ros2_ws/install/tutorial_interfaces/share/tutorial_interfaces/cmake/rosidl_cmake_export_typesupport_targets-extras.cmake
[2.206s] -- Up-to-date: /home/louis/ros2_ws/install/tutorial_interfaces/share/tutorial_interfaces/cmake/rosidl_cmake_export_typesupport_libraries-extras.cmake
[2.206s] -- Up-to-date: /home/louis/ros2_ws/install/tutorial_interfaces/share/tutorial_interfaces/cmake/tutorial_interfacesConfig.cmake
[2.206s] -- Up-to-date: /home/louis/ros2_ws/install/tutorial_interfaces/share/tutorial_interfaces/cmake/tutorial_interfacesConfig-version.cmake
[2.206s] -- Up-to-date: /home/louis/ros2_ws/install/tutorial_interfaces/share/tutorial_interfaces/package.xml
[2.207s] Invoked command in '/home/louis/ros2_ws/build/tutorial_interfaces' returned '0': CMAKE_PREFIX_PATH=/opt/ros/humble CONDA_PROMPT_MODIFIER=(base) /usr/bin/cmake --install /home/louis/ros2_ws/build/tutorial_interfaces
