[0.752s] Invoking command in '/home/louis/ros2_ws/src/py_pubsub': CONDA_PROMPT_MODIFIER=(base) PYTHONPATH=/home/louis/ros2_ws/build/py_pubsub/prefix_override:/usr/lib/python3/dist-packages/colcon_core/task/python/colcon_distutils_commands:/home/louis/ros2_ws/install/py_pubsub/lib/python3.10/site-packages:${PYTHONPATH} /usr/bin/python3 -W ignore:setup.py install is deprecated setup.py egg_info --egg-base ../../build/py_pubsub build --build-base /home/louis/ros2_ws/build/py_pubsub/build install --record /home/louis/ros2_ws/build/py_pubsub/install.log --single-version-externally-managed install_data
[0.909s] running egg_info
[0.909s] writing ../../build/py_pubsub/py_pubsub.egg-info/PKG-INFO
[0.909s] writing dependency_links to ../../build/py_pubsub/py_pubsub.egg-info/dependency_links.txt
[0.909s] writing entry points to ../../build/py_pubsub/py_pubsub.egg-info/entry_points.txt
[0.909s] writing requirements to ../../build/py_pubsub/py_pubsub.egg-info/requires.txt
[0.910s] writing top-level names to ../../build/py_pubsub/py_pubsub.egg-info/top_level.txt
[0.911s] reading manifest file '../../build/py_pubsub/py_pubsub.egg-info/SOURCES.txt'
[0.911s] adding license file 'LICENSE'
[0.911s] writing manifest file '../../build/py_pubsub/py_pubsub.egg-info/SOURCES.txt'
[0.911s] running build
[0.911s] running build_py
[0.911s] running install
[0.912s] running install_lib
[0.912s] running install_data
[0.912s] running install_egg_info
[0.913s] removing '/home/louis/ros2_ws/install/py_pubsub/lib/python3.10/site-packages/py_pubsub-0.0.0-py3.10.egg-info' (and everything under it)
[0.914s] Copying ../../build/py_pubsub/py_pubsub.egg-info to /home/louis/ros2_ws/install/py_pubsub/lib/python3.10/site-packages/py_pubsub-0.0.0-py3.10.egg-info
[0.914s] running install_scripts
[0.928s] Installing listener script to /home/louis/ros2_ws/install/py_pubsub/lib/py_pubsub
[0.928s] Installing talker script to /home/louis/ros2_ws/install/py_pubsub/lib/py_pubsub
[0.928s] writing list of installed files to '/home/louis/ros2_ws/build/py_pubsub/install.log'
