running egg_info
creating ../../build/nabi/nabi.egg-info
writing ../../build/nabi/nabi.egg-info/PKG-INFO
writing dependency_links to ../../build/nabi/nabi.egg-info/dependency_links.txt
writing entry points to ../../build/nabi/nabi.egg-info/entry_points.txt
writing requirements to ../../build/nabi/nabi.egg-info/requires.txt
writing top-level names to ../../build/nabi/nabi.egg-info/top_level.txt
writing manifest file '../../build/nabi/nabi.egg-info/SOURCES.txt'
reading manifest file '../../build/nabi/nabi.egg-info/SOURCES.txt'
adding license file 'LICENSE'
writing manifest file '../../build/nabi/nabi.egg-info/SOURCES.txt'
running build
running build_py
creating /home/louis/ros2_ws/build/nabi/build
creating /home/louis/ros2_ws/build/nabi/build/lib
creating /home/louis/ros2_ws/build/nabi/build/lib/nabi
copying nabi/talker.py -> /home/louis/ros2_ws/build/nabi/build/lib/nabi
copying nabi/writer.py -> /home/louis/ros2_ws/build/nabi/build/lib/nabi
copying nabi/__init__.py -> /home/louis/ros2_ws/build/nabi/build/lib/nabi
copying nabi/conversation.py -> /home/louis/ros2_ws/build/nabi/build/lib/nabi
copying nabi/parser.py -> /home/louis/ros2_ws/build/nabi/build/lib/nabi
copying nabi/recorder.py -> /home/louis/ros2_ws/build/nabi/build/lib/nabi
running install
running install_lib
creating /home/louis/ros2_ws/install/nabi/lib/python3.10/site-packages/nabi
copying /home/louis/ros2_ws/build/nabi/build/lib/nabi/talker.py -> /home/louis/ros2_ws/install/nabi/lib/python3.10/site-packages/nabi
copying /home/louis/ros2_ws/build/nabi/build/lib/nabi/writer.py -> /home/louis/ros2_ws/install/nabi/lib/python3.10/site-packages/nabi
copying /home/louis/ros2_ws/build/nabi/build/lib/nabi/__init__.py -> /home/louis/ros2_ws/install/nabi/lib/python3.10/site-packages/nabi
copying /home/louis/ros2_ws/build/nabi/build/lib/nabi/conversation.py -> /home/louis/ros2_ws/install/nabi/lib/python3.10/site-packages/nabi
copying /home/louis/ros2_ws/build/nabi/build/lib/nabi/parser.py -> /home/louis/ros2_ws/install/nabi/lib/python3.10/site-packages/nabi
copying /home/louis/ros2_ws/build/nabi/build/lib/nabi/recorder.py -> /home/louis/ros2_ws/install/nabi/lib/python3.10/site-packages/nabi
byte-compiling /home/louis/ros2_ws/install/nabi/lib/python3.10/site-packages/nabi/talker.py to talker.cpython-310.pyc
byte-compiling /home/louis/ros2_ws/install/nabi/lib/python3.10/site-packages/nabi/writer.py to writer.cpython-310.pyc
byte-compiling /home/louis/ros2_ws/install/nabi/lib/python3.10/site-packages/nabi/__init__.py to __init__.cpython-310.pyc
byte-compiling /home/louis/ros2_ws/install/nabi/lib/python3.10/site-packages/nabi/conversation.py to conversation.cpython-310.pyc
byte-compiling /home/louis/ros2_ws/install/nabi/lib/python3.10/site-packages/nabi/parser.py to parser.cpython-310.pyc
byte-compiling /home/louis/ros2_ws/install/nabi/lib/python3.10/site-packages/nabi/recorder.py to recorder.cpython-310.pyc
running install_data
creating /home/louis/ros2_ws/install/nabi/share/ament_index
creating /home/louis/ros2_ws/install/nabi/share/ament_index/resource_index
creating /home/louis/ros2_ws/install/nabi/share/ament_index/resource_index/packages
copying resource/nabi -> /home/louis/ros2_ws/install/nabi/share/ament_index/resource_index/packages
copying package.xml -> /home/louis/ros2_ws/install/nabi/share/nabi
running install_egg_info
Copying ../../build/nabi/nabi.egg-info to /home/louis/ros2_ws/install/nabi/lib/python3.10/site-packages/nabi-0.0.0-py3.10.egg-info
running install_scripts
writing list of installed files to '/home/louis/ros2_ws/build/nabi/install.log'
