[0.790s] Invoking command in '/home/louis/ros2_ws/src/nabi': CONDA_PROMPT_MODIFIER=(base) PYTHONPATH=/home/louis/ros2_ws/build/nabi/prefix_override:/usr/lib/python3/dist-packages/colcon_core/task/python/colcon_distutils_commands:/home/louis/ros2_ws/install/nabi/lib/python3.10/site-packages:${PYTHONPATH} /usr/bin/python3 -W ignore:setup.py install is deprecated setup.py egg_info --egg-base ../../build/nabi build --build-base /home/louis/ros2_ws/build/nabi/build install --record /home/louis/ros2_ws/build/nabi/install.log --single-version-externally-managed install_data
[0.948s] running egg_info
[0.949s] creating ../../build/nabi/nabi.egg-info
[0.949s] writing ../../build/nabi/nabi.egg-info/PKG-INFO
[0.949s] writing dependency_links to ../../build/nabi/nabi.egg-info/dependency_links.txt
[0.949s] writing entry points to ../../build/nabi/nabi.egg-info/entry_points.txt
[0.949s] writing requirements to ../../build/nabi/nabi.egg-info/requires.txt
[0.949s] writing top-level names to ../../build/nabi/nabi.egg-info/top_level.txt
[0.949s] writing manifest file '../../build/nabi/nabi.egg-info/SOURCES.txt'
[0.950s] reading manifest file '../../build/nabi/nabi.egg-info/SOURCES.txt'
[0.950s] adding license file 'LICENSE'
[0.951s] writing manifest file '../../build/nabi/nabi.egg-info/SOURCES.txt'
[0.951s] running build
[0.951s] running build_py
[0.951s] creating /home/louis/ros2_ws/build/nabi/build
[0.951s] creating /home/louis/ros2_ws/build/nabi/build/lib
[0.951s] creating /home/louis/ros2_ws/build/nabi/build/lib/nabi
[0.951s] copying nabi/talker.py -> /home/louis/ros2_ws/build/nabi/build/lib/nabi
[0.951s] copying nabi/writer.py -> /home/louis/ros2_ws/build/nabi/build/lib/nabi
[0.951s] copying nabi/__init__.py -> /home/louis/ros2_ws/build/nabi/build/lib/nabi
[0.951s] copying nabi/conversation.py -> /home/louis/ros2_ws/build/nabi/build/lib/nabi
[0.951s] copying nabi/parser.py -> /home/louis/ros2_ws/build/nabi/build/lib/nabi
[0.951s] copying nabi/recorder.py -> /home/louis/ros2_ws/build/nabi/build/lib/nabi
[0.952s] running install
[0.952s] running install_lib
[0.952s] creating /home/louis/ros2_ws/install/nabi/lib/python3.10/site-packages/nabi
[0.952s] copying /home/louis/ros2_ws/build/nabi/build/lib/nabi/talker.py -> /home/louis/ros2_ws/install/nabi/lib/python3.10/site-packages/nabi
[0.952s] copying /home/louis/ros2_ws/build/nabi/build/lib/nabi/writer.py -> /home/louis/ros2_ws/install/nabi/lib/python3.10/site-packages/nabi
[0.952s] copying /home/louis/ros2_ws/build/nabi/build/lib/nabi/__init__.py -> /home/louis/ros2_ws/install/nabi/lib/python3.10/site-packages/nabi
[0.952s] copying /home/louis/ros2_ws/build/nabi/build/lib/nabi/conversation.py -> /home/louis/ros2_ws/install/nabi/lib/python3.10/site-packages/nabi
[0.952s] copying /home/louis/ros2_ws/build/nabi/build/lib/nabi/parser.py -> /home/louis/ros2_ws/install/nabi/lib/python3.10/site-packages/nabi
[0.953s] copying /home/louis/ros2_ws/build/nabi/build/lib/nabi/recorder.py -> /home/louis/ros2_ws/install/nabi/lib/python3.10/site-packages/nabi
[0.953s] byte-compiling /home/louis/ros2_ws/install/nabi/lib/python3.10/site-packages/nabi/talker.py to talker.cpython-310.pyc
[0.954s] byte-compiling /home/louis/ros2_ws/install/nabi/lib/python3.10/site-packages/nabi/writer.py to writer.cpython-310.pyc
[0.954s] byte-compiling /home/louis/ros2_ws/install/nabi/lib/python3.10/site-packages/nabi/__init__.py to __init__.cpython-310.pyc
[0.954s] byte-compiling /home/louis/ros2_ws/install/nabi/lib/python3.10/site-packages/nabi/conversation.py to conversation.cpython-310.pyc
[0.955s] byte-compiling /home/louis/ros2_ws/install/nabi/lib/python3.10/site-packages/nabi/parser.py to parser.cpython-310.pyc
[0.955s] byte-compiling /home/louis/ros2_ws/install/nabi/lib/python3.10/site-packages/nabi/recorder.py to recorder.cpython-310.pyc
[0.955s] running install_data
[0.955s] creating /home/louis/ros2_ws/install/nabi/share/ament_index
[0.956s] creating /home/louis/ros2_ws/install/nabi/share/ament_index/resource_index
[0.956s] creating /home/louis/ros2_ws/install/nabi/share/ament_index/resource_index/packages
[0.956s] copying resource/nabi -> /home/louis/ros2_ws/install/nabi/share/ament_index/resource_index/packages
[0.956s] copying package.xml -> /home/louis/ros2_ws/install/nabi/share/nabi
[0.956s] running install_egg_info
[0.957s] Copying ../../build/nabi/nabi.egg-info to /home/louis/ros2_ws/install/nabi/lib/python3.10/site-packages/nabi-0.0.0-py3.10.egg-info
[0.958s] running install_scripts
[0.972s] writing list of installed files to '/home/louis/ros2_ws/build/nabi/install.log'
[0.995s] Invoked command in '/home/louis/ros2_ws/src/nabi' returned '0': CONDA_PROMPT_MODIFIER=(base) PYTHONPATH=/home/louis/ros2_ws/build/nabi/prefix_override:/usr/lib/python3/dist-packages/colcon_core/task/python/colcon_distutils_commands:/home/louis/ros2_ws/install/nabi/lib/python3.10/site-packages:${PYTHONPATH} /usr/bin/python3 -W ignore:setup.py install is deprecated setup.py egg_info --egg-base ../../build/nabi build --build-base /home/louis/ros2_ws/build/nabi/build install --record /home/louis/ros2_ws/build/nabi/install.log --single-version-externally-managed install_data
