[0.716s] Invoking command in '/home/louis/ros2_ws/build/python_parameters': CONDA_PROMPT_MODIFIER=(base) PYTHONPATH=/home/louis/ros2_ws/build/python_parameters/prefix_override:/usr/lib/python3/dist-packages/colcon_core/task/python/colcon_distutils_commands:/home/louis/ros2_ws/install/python_parameters/lib/python3.10/site-packages:${PYTHONPATH} /usr/bin/python3 -W ignore:setup.py install is deprecated setup.py develop --editable --build-directory /home/louis/ros2_ws/build/python_parameters/build --no-deps symlink_data --force
[0.897s] running develop
[0.897s] /usr/lib/python3/dist-packages/setuptools/command/easy_install.py:158: EasyInstallDeprecationWarning: easy_install command is deprecated. Use build and pip and other standards-based tools.
[0.897s]   warnings.warn(
[1.004s] running egg_info
[1.004s] writing python_parameters.egg-info/PKG-INFO
[1.005s] writing dependency_links to python_parameters.egg-info/dependency_links.txt
[1.005s] writing entry points to python_parameters.egg-info/entry_points.txt
[1.005s] writing requirements to python_parameters.egg-info/requires.txt
[1.005s] writing top-level names to python_parameters.egg-info/top_level.txt
[1.006s] reading manifest file 'python_parameters.egg-info/SOURCES.txt'
[1.007s] writing manifest file 'python_parameters.egg-info/SOURCES.txt'
[1.008s] running build_ext
[1.008s] Creating /home/louis/ros2_ws/install/python_parameters/lib/python3.10/site-packages/python-parameters.egg-link (link to .)
[1.008s] Installing minimal_param_node script to /home/louis/ros2_ws/install/python_parameters/lib/python_parameters
[1.008s] 
[1.008s] Installed /home/louis/ros2_ws/build/python_parameters
[1.009s] running symlink_data
[1.009s] symbolically linking /home/louis/ros2_ws/build/python_parameters/resource/python_parameters -> /home/louis/ros2_ws/install/python_parameters/share/ament_index/resource_index/packages
[1.009s] symbolically linking /home/louis/ros2_ws/build/python_parameters/package.xml -> /home/louis/ros2_ws/install/python_parameters/share/python_parameters
[1.009s] symbolically linking /home/louis/ros2_ws/build/python_parameters/launch/python_parameters_launch.py -> /home/louis/ros2_ws/install/python_parameters/share/python_parameters
[1.037s] Invoked command in '/home/louis/ros2_ws/build/python_parameters' returned '0': CONDA_PROMPT_MODIFIER=(base) PYTHONPATH=/home/louis/ros2_ws/build/python_parameters/prefix_override:/usr/lib/python3/dist-packages/colcon_core/task/python/colcon_distutils_commands:/home/louis/ros2_ws/install/python_parameters/lib/python3.10/site-packages:${PYTHONPATH} /usr/bin/python3 -W ignore:setup.py install is deprecated setup.py develop --editable --build-directory /home/louis/ros2_ws/build/python_parameters/build --no-deps symlink_data --force
