[1.231s] Invoking command in '/home/louis/ros2_ws/build/nabi': PYTHONPATH=/home/louis/ros2_ws/build/nabi/prefix_override:/usr/lib/python3/dist-packages/colcon_core/task/python/colcon_distutils_commands:/home/louis/ros2_ws/install/nabi/lib/python3.10/site-packages:${PYTHONPATH} /usr/bin/python3 -W ignore:setup.py install is deprecated setup.py develop --editable --build-directory /home/louis/ros2_ws/build/nabi/build --no-deps symlink_data
[1.426s] running develop
[1.556s] running egg_info
[1.556s] writing nabi.egg-info/PKG-INFO
[1.556s] writing dependency_links to nabi.egg-info/dependency_links.txt
[1.557s] writing entry points to nabi.egg-info/entry_points.txt
[1.557s] writing requirements to nabi.egg-info/requires.txt
[1.557s] writing top-level names to nabi.egg-info/top_level.txt
[1.558s] reading manifest file 'nabi.egg-info/SOURCES.txt'
[1.559s] writing manifest file 'nabi.egg-info/SOURCES.txt'
[1.561s] running build_ext
[1.561s] Creating /home/louis/ros2_ws/install/nabi/lib/python3.10/site-packages/nabi.egg-link (link to .)
[1.561s] Installing canbus script to /home/louis/ros2_ws/install/nabi/lib/nabi
[1.561s] Installing parser script to /home/louis/ros2_ws/install/nabi/lib/nabi
[1.561s] Installing recorder script to /home/louis/ros2_ws/install/nabi/lib/nabi
[1.561s] Installing talker script to /home/louis/ros2_ws/install/nabi/lib/nabi
[1.562s] Installing writer script to /home/louis/ros2_ws/install/nabi/lib/nabi
[1.562s] 
[1.562s] Installed /home/louis/ros2_ws/build/nabi
[1.562s] running symlink_data
[1.614s] Invoked command in '/home/louis/ros2_ws/build/nabi' returned '0': PYTHONPATH=/home/louis/ros2_ws/build/nabi/prefix_override:/usr/lib/python3/dist-packages/colcon_core/task/python/colcon_distutils_commands:/home/louis/ros2_ws/install/nabi/lib/python3.10/site-packages:${PYTHONPATH} /usr/bin/python3 -W ignore:setup.py install is deprecated setup.py develop --editable --build-directory /home/louis/ros2_ws/build/nabi/build --no-deps symlink_data
